Log file open, 10/18/18 14:50:20
LogWindows: Failed to load 'aqProf.dll' (GetLastError=126)
LogWindows: File 'aqProf.dll' does not exist
LogWindows: Failed to load 'VSPerf140.dll' (GetLastError=126)
LogWindows: File 'VSPerf140.dll' does not exist
LogWindows: Failed to load 'VtuneApi.dll' (GetLastError=126)
LogWindows: File 'VtuneApi.dll' does not exist
LogWindows: Failed to load 'VtuneApi32e.dll' (GetLastError=126)
LogWindows: File 'VtuneApi32e.dll' does not exist
LogInit: Display: Running engine for game: AKotH
LogPlatformFile: Not using cached read wrapper
LogTaskGraph: Started task graph with 5 named threads and 23 total threads with 3 sets of task threads.
LogStats: Stats thread started at 0.296184
LogD3D11RHI: Loaded GFSDK_Aftermath_Lib.x64.dll
LogICUInternationalization: Display: ICU TimeZone Detection - Raw Offset: +1:00, Platform Override: ''
LogPluginManager: Mounting plugin Paper2D
LogPluginManager: Mounting plugin AISupport
LogPluginManager: Mounting plugin LightPropagationVolume
LogPluginManager: Mounting plugin CLionSourceCodeAccess
LogPluginManager: Mounting plugin CodeLiteSourceCodeAccess
LogPluginManager: Mounting plugin GitSourceControl
LogPluginManager: Mounting plugin KDevelopSourceCodeAccess
LogPluginManager: Mounting plugin NullSourceCodeAccess
LogPluginManager: Mounting plugin PerforceSourceControl
LogPluginManager: Mounting plugin SubversionSourceControl
LogPluginManager: Mounting plugin UObjectPlugin
LogPluginManager: Mounting plugin VisualStudioCodeSourceCodeAccess
LogPluginManager: Mounting plugin VisualStudioSourceCodeAccess
LogPluginManager: Mounting plugin XCodeSourceCodeAccess
LogPluginManager: Mounting plugin AssetManagerEditor
LogPluginManager: Mounting plugin CryptoKeys
LogPluginManager: Mounting plugin DataValidation
LogPluginManager: Mounting plugin FacialAnimation
LogPluginManager: Mounting plugin GameplayTagsEditor
LogPluginManager: Mounting plugin MacGraphicsSwitching
LogPluginManager: Mounting plugin MeshEditor
LogPluginManager: Mounting plugin MobileLauncherProfileWizard
LogPluginManager: Mounting plugin PluginBrowser
LogPluginManager: Mounting plugin SpeedTreeImporter
LogPluginManager: Mounting plugin DatasmithContent
LogPluginManager: Mounting plugin AlembicImporter
LogPluginManager: Mounting plugin AppleImageUtils
LogPluginManager: Mounting plugin AppleVision
LogPluginManager: Mounting plugin BackChannel
LogPluginManager: Mounting plugin CharacterAI
LogPluginManager: Mounting plugin GeometryCache
LogPluginManager: Mounting plugin HTML5Networking
LogPluginManager: Mounting plugin ProxyLODPlugin
LogPluginManager: Mounting plugin MagicLeap
LogPluginManager: Mounting plugin MagicLeapEmulator
LogPluginManager: Mounting plugin MagicLeapMedia
LogPluginManager: Mounting plugin AndroidMedia
LogPluginManager: Mounting plugin AvfMedia
LogPluginManager: Mounting plugin ImgMedia
LogPluginManager: Mounting plugin LinearTimecode
LogPluginManager: Mounting plugin MediaCompositing
LogPluginManager: Mounting plugin MediaPlayerEditor
LogPluginManager: Mounting plugin WmfMedia
LogPluginManager: Mounting plugin TcpMessaging
LogPluginManager: Mounting plugin UdpMessaging
LogPluginManager: Mounting plugin ActorSequence
LogPluginManager: Mounting plugin LevelSequenceEditor
LogPluginManager: Mounting plugin MatineeToLevelSequence
LogPluginManager: Mounting plugin NetcodeUnitTest
LogPluginManager: Mounting plugin NUTUnrealEngine4
LogPluginManager: Mounting plugin OnlineSubsystemGooglePlay
LogPluginManager: Mounting plugin OnlineSubsystemIOS
LogPluginManager: Mounting plugin OnlineSubsystem
LogPluginManager: Mounting plugin OnlineSubsystemNull
LogPluginManager: Mounting plugin OnlineSubsystemUtils
LogPluginManager: Mounting plugin LauncherChunkInstaller
LogPluginManager: Mounting plugin AndroidDeviceProfileSelector
LogPluginManager: Mounting plugin AndroidMoviePlayer
LogPluginManager: Mounting plugin AndroidPermission
LogPluginManager: Mounting plugin AppleMoviePlayer
LogPluginManager: Mounting plugin ArchVisCharacter
LogPluginManager: Mounting plugin AudioCapture
LogPluginManager: Mounting plugin CableComponent
LogPluginManager: Mounting plugin CustomMeshComponent
LogPluginManager: Mounting plugin EditableMesh
LogPluginManager: Mounting plugin ExampleDeviceProfileSelector
LogPluginManager: Mounting plugin GoogleCloudMessaging
LogPluginManager: Mounting plugin ImmediatePhysics
LogPluginManager: Mounting plugin IOSDeviceProfileSelector
LogPluginManager: Mounting plugin LinuxDeviceProfileSelector
LogPluginManager: Mounting plugin LocationServicesBPLibrary
LogPluginManager: Mounting plugin MobilePatchingUtils
LogPluginManager: Mounting plugin OculusVR
LogPluginManager: Plugin shader directory ../../../Engine/Plugins/Runtime/Oculus/OculusVR/Shaders found
LogPluginManager: Mapping shader source directory ../../../Engine/Plugins/Runtime/Oculus/OculusVR/Shaders to virtual directory /Plugin/OculusVR
LogPluginManager: Mounting plugin PhysXVehicles
LogPluginManager: Mounting plugin ProceduralMeshComponent
LogPluginManager: Mounting plugin RuntimePhysXCooking
LogPluginManager: Mounting plugin SteamVR
LogPluginManager: Mounting plugin WindowsMoviePlayer
LogStreaming: Display: Took  0.110s to configure plugins.
LogInit: Using libcurl 7.55.1-DEV
LogInit:  - built for x86_64-pc-win32
LogInit:  - supports SSL with OpenSSL/1.0.2h
LogInit:  - supports HTTP deflate (compression) using libz 1.2.8
LogInit:  - other features:
LogInit:      CURL_VERSION_SSL
LogInit:      CURL_VERSION_LIBZ
LogInit:      CURL_VERSION_IPV6
LogInit:      CURL_VERSION_ASYNCHDNS
LogInit:      CURL_VERSION_LARGEFILE
LogInit:      CURL_VERSION_IDN
LogInit:  CurlRequestOptions (configurable via config and command line):
LogInit:  - bVerifyPeer = false  - Libcurl will NOT verify peer certificate
LogInit:  - bUseHttpProxy = false  - Libcurl will NOT use HTTP proxy
LogInit:  - bDontReuseConnections = false  - Libcurl will reuse connections
LogInit:  - CertBundlePath = nullptr  - Libcurl will use whatever was configured at build time.
LogInit:  - MaxHostConnections = 16  - Libcurl will limit the number of connections to a host
LogInit:  - LocalHostAddr = Default
LogInit:  - BufferSize = 65536
LogInit: WinSock: version 1.1 (2.2), MaxSocks=32767, MaxUdp=65467
LogInit: Build: ++UE4+Release-4.20-CL-4369336
LogInit: Engine Version: 4.20.3-4369336+++UE4+Release-4.20
LogInit: Compatible Engine Version: 4.20.0-4212847+++UE4+Release-4.20
LogInit: Net CL: 4212847
LogInit: OS: Windows 10 (), CPU: Intel(R) Core(TM) i7-7700HQ CPU @ 2.80GHz, GPU: Intel(R) HD Graphics 630
LogInit: Compiled (64-bit): Sep 17 2018 12:26:19
LogInit: Compiled with Visual C++: 19.13.26129.00
LogInit: Build Configuration: Development
LogInit: Branch Name: ++UE4+Release-4.20
LogInit: Command Line: 
LogInit: Base Directory: D:/Program Files/Epic Games/UE_4.20/Engine/Binaries/Win64/
LogInit: Installed Engine Build: 1
LogDevObjectVersion: Number of dev versions registered: 20
LogDevObjectVersion:   Dev-Blueprints (B0D832E4-1F89-4F0D-ACCF-7EB736FD4AA2): 10
LogDevObjectVersion:   Dev-Build (E1C64328-A22C-4D53-A36C-8E866417BD8C): 0
LogDevObjectVersion:   Dev-Core (375EC13C-06E4-48FB-B500-84F0262A717E): 2
LogDevObjectVersion:   Dev-Editor (E4B068ED-F494-42E9-A231-DA0B2E46BB41): 24
LogDevObjectVersion:   Dev-Framework (CFFC743F-43B0-4480-9391-14DF171D2073): 34
LogDevObjectVersion:   Dev-Mobile (B02B49B5-BB20-44E9-A304-32B752E40360): 2
LogDevObjectVersion:   Dev-Networking (A4E4105C-59A1-49B5-A7C5-40C4547EDFEE): 0
LogDevObjectVersion:   Dev-Online (39C831C9-5AE6-47DC-9A44-9C173E1C8E7C): 0
LogDevObjectVersion:   Dev-Physics (78F01B33-EBEA-4F98-B9B4-84EACCB95AA2): 0
LogDevObjectVersion:   Dev-Platform (6631380F-2D4D-43E0-8009-CF276956A95A): 0
LogDevObjectVersion:   Dev-Rendering (12F88B9F-8875-4AFC-A67C-D90C383ABD29): 26
LogDevObjectVersion:   Dev-Sequencer (7B5AE74C-D270-4C10-A958-57980B212A5A): 9
LogDevObjectVersion:   Dev-VR (D7296918-1DD6-4BDD-9DE2-64A83CC13884): 2
LogDevObjectVersion:   Dev-LoadTimes (C2A15278-BFE7-4AFE-6C17-90FF531DF755): 1
LogDevObjectVersion:   Private-Geometry (6EACA3D4-40EC-4CC1-B786-8BED09428FC5): 3
LogDevObjectVersion:   Dev-AnimPhys (29E575DD-E0A3-4627-9D10-D276232CDCEA): 17
LogDevObjectVersion:   Dev-ReflectionCapture (6B266CEC-1EC7-4B8F-A30B-E4D90942FC07): 1
LogDevObjectVersion:   Dev-Automation (0DF73D61-A23F-47EA-B727-89E90C41499A): 1
LogDevObjectVersion:   FortniteMain (601D1886-AC64-4F84-AA16-D3DE0DEAC7D6): 12
LogDevObjectVersion:   Dev-Enterprise (9DFFBCD6-494F-0158-E221-12823C92A888): 1
LogStreaming: Display: Took  0.000s to delete old logs.
LogInit: Presizing for max 8388607 objects, including 0 objects not considered by GC, pre-allocating 0 bytes for permanent pool.
LogInit: Object subsystem initialized
[2018.10.18-12.50.20:427][  0]LogInit: Selected Device Profile: [Windows]
[2018.10.18-12.50.20:427][  0]LogInit: Applying CVar settings loaded from the selected device profile: [Windows]
[2018.10.18-12.50.20:438][  0]LogHAL: Display: Platform has ~ 16 GB [17059442688 / 17179869184 / 16], which maps to Larger [LargestMinGB=32, LargerMinGB=12, DefaultMinGB=8, SmallerMinGB=6, SmallestMinGB=0)
[2018.10.18-12.50.20:438][  0]LogInit: Setting Device Profile CVar: [[r.Vulkan.UseRealUBs:1]]
[2018.10.18-12.50.20:438][  0]LogInit: Going up to parent DeviceProfile []
[2018.10.18-12.50.20:438][  0]LogInit: Computer: MSI
[2018.10.18-12.50.20:439][  0]LogInit: User: Snowb
[2018.10.18-12.50.20:439][  0]LogInit: CPU Page size=4096, Cores=4
[2018.10.18-12.50.20:439][  0]LogInit: High frequency timer resolution =2.742187 MHz
[2018.10.18-12.50.20:439][  0]LogMemory: Memory total: Physical=15.9GB (16GB approx)
[2018.10.18-12.50.20:439][  0]LogMemory: Platform Memory Stats for Windows
[2018.10.18-12.50.20:439][  0]LogMemory: Process Physical Memory: 100.36 MB used, 100.36 MB peak
[2018.10.18-12.50.20:439][  0]LogMemory: Process Virtual Memory: 89.40 MB used, 89.40 MB peak
[2018.10.18-12.50.20:439][  0]LogMemory: Physical Memory: 6480.36 MB used,  9788.79 MB free, 16269.15 MB total
[2018.10.18-12.50.20:439][  0]LogMemory: Virtual Memory: 4629.12 MB used,  9788.79 MB free, 134217728.00 MB total
[2018.10.18-12.50.21:118][  0]LogInit: Using OS detected language (de-DE).
[2018.10.18-12.50.21:118][  0]LogInit: Using OS detected locale (de-DE).
[2018.10.18-12.50.21:120][  0]LogTextLocalizationManager: No specific localization for 'de-DE' exists, so the 'de' localization will be used.
[2018.10.18-12.50.21:125][  0]LogStreaming: Display: Took  0.007s to InitEngineTextLocalization.
[2018.10.18-12.50.21:125][  0]LogInit: Setting process to per monitor DPI aware
[2018.10.18-12.50.21:159][  0]LogSlate: New Slate User Created.  User Index 0, Is Virtual User: 0
[2018.10.18-12.50.21:159][  0]LogSlate: Slate User Registered.  User Index 0, Is Virtual User: 0
[2018.10.18-12.50.21:633][  0]LogHMD: Failed to initialize OpenVR with code 110
[2018.10.18-12.50.21:633][  0]LogD3D11RHI: D3D11 adapters:
[2018.10.18-12.50.21:709][  0]LogD3D11RHI:    0. 'NVIDIA GeForce GTX 1060' (Feature Level 11_0)
[2018.10.18-12.50.21:709][  0]LogD3D11RHI:       6052/0/8134 MB DedicatedVideo/DedicatedSystem/SharedSystem, Outputs:1, VendorId:0x10de
[2018.10.18-12.50.21:720][  0]LogD3D11RHI:    1. 'Intel(R) HD Graphics 630' (Feature Level 11_0)
[2018.10.18-12.50.21:720][  0]LogD3D11RHI:       128/0/8134 MB DedicatedVideo/DedicatedSystem/SharedSystem, Outputs:0, VendorId:0x8086
[2018.10.18-12.50.21:722][  0]LogD3D11RHI:    2. 'Microsoft Basic Render Driver' (Feature Level 11_0)
[2018.10.18-12.50.21:722][  0]LogD3D11RHI:       0/0/8134 MB DedicatedVideo/DedicatedSystem/SharedSystem, Outputs:0, VendorId:0x1414
[2018.10.18-12.50.21:722][  0]LogD3D11RHI: Chosen D3D11 Adapter: 0
[2018.10.18-12.50.21:751][  0]LogD3D11RHI: Creating new Direct3DDevice
[2018.10.18-12.50.21:751][  0]LogD3D11RHI:     GPU DeviceId: 0x1c20 (for the marketing name, search the web for "GPU Device Id")
[2018.10.18-12.50.21:751][  0]LogWindows: EnumDisplayDevices:
[2018.10.18-12.50.21:751][  0]LogWindows:    0. 'Intel(R) HD Graphics 630' (P:1 D:1)
[2018.10.18-12.50.21:752][  0]LogWindows:    1. 'Intel(R) HD Graphics 630' (P:0 D:0)
[2018.10.18-12.50.21:752][  0]LogWindows:    2. 'Intel(R) HD Graphics 630' (P:0 D:0)
[2018.10.18-12.50.21:752][  0]LogWindows:    3. 'NVIDIA GeForce GTX 1060' (P:0 D:0)
[2018.10.18-12.50.21:753][  0]LogWindows:    4. 'NVIDIA GeForce GTX 1060' (P:0 D:0)
[2018.10.18-12.50.21:753][  0]LogWindows:    5. 'NVIDIA GeForce GTX 1060' (P:0 D:0)
[2018.10.18-12.50.21:753][  0]LogWindows:    6. 'NVIDIA GeForce GTX 1060' (P:0 D:0)
[2018.10.18-12.50.21:753][  0]LogWindows: DebugString: PrimaryIsNotTheChoosenAdapter PrimaryIsNotTheChoosenAdapter PrimaryIsNotTheChoosenAdapter FoundDriverCount:4 
[2018.10.18-12.50.21:753][  0]LogD3D11RHI:     Adapter Name: NVIDIA GeForce GTX 1060
[2018.10.18-12.50.21:753][  0]LogD3D11RHI:   Driver Version: 399.01 (internal:24.21.13.9901, unified:399.01)
[2018.10.18-12.50.21:753][  0]LogD3D11RHI:      Driver Date: 8-13-2018
[2018.10.18-12.50.21:753][  0]LogRHI: Texture pool is 4236 MB (70% of 6052 MB)
[2018.10.18-12.50.21:795][  0]LogD3D11RHI: Async texture creation enabled
[2018.10.18-12.50.21:812][  0]LogD3D11RHI: GPU Timing Frequency: 1000.000000 (Debug: 2 2)
[2018.10.18-12.50.21:814][  0]LogShaderCompilers: Guid format shader working directory is -1 characters bigger than the processId version (C:/Users/Snowb/Documents/Unreal Projects/AKotH/Intermediate/Shaders/WorkingDirectory/11712/).
[2018.10.18-12.50.21:814][  0]LogShaderCompilers: Cleaned the shader compiler working directory 'C:/Users/Snowb/AppData/Local/Temp/UnrealShaderWorkingDir/E88E3CAD46585A6AB25DD9AA150373B4/'.
[2018.10.18-12.50.22:089][  0]LogTemp: Display: Loaded TP AllDesktopTargetPlatform
[2018.10.18-12.50.22:103][  0]LogTemp: Display: Loaded TP MacClientTargetPlatform
[2018.10.18-12.50.22:116][  0]LogTemp: Display: Loaded TP MacNoEditorTargetPlatform
[2018.10.18-12.50.22:130][  0]LogTemp: Display: Loaded TP MacServerTargetPlatform
[2018.10.18-12.50.22:143][  0]LogTemp: Display: Loaded TP MacTargetPlatform
[2018.10.18-12.50.22:156][  0]LogTemp: Display: Loaded TP WindowsClientTargetPlatform
[2018.10.18-12.50.22:169][  0]LogTemp: Display: Loaded TP WindowsNoEditorTargetPlatform
[2018.10.18-12.50.22:183][  0]LogTemp: Display: Loaded TP WindowsServerTargetPlatform
[2018.10.18-12.50.22:189][  0]LogTemp: Display: Loaded TP WindowsTargetPlatform
[2018.10.18-12.50.22:270][  0]LogTemp: Display: Loaded TP AndroidTargetPlatform
[2018.10.18-12.50.22:270][  0]LogTemp: Display: Loaded TP AndroidTargetPlatform
[2018.10.18-12.50.22:270][  0]LogTemp: Display: Loaded TP AndroidTargetPlatform
[2018.10.18-12.50.22:270][  0]LogTemp: Display: Loaded TP AndroidTargetPlatform
[2018.10.18-12.50.22:270][  0]LogTemp: Display: Loaded TP AndroidTargetPlatform
[2018.10.18-12.50.22:270][  0]LogTemp: Display: Loaded TP AndroidTargetPlatform
[2018.10.18-12.50.22:270][  0]LogTemp: Display: Loaded TP AndroidTargetPlatform
[2018.10.18-12.50.22:270][  0]LogTemp: Display: Loaded TP AndroidTargetPlatform
[2018.10.18-12.50.22:270][  0]LogTemp: Display: Loaded TP AndroidTargetPlatform
[2018.10.18-12.50.22:270][  0]LogTemp: Display: Loaded TP AndroidTargetPlatform
[2018.10.18-12.50.22:270][  0]LogTemp: Display: Loaded TP AndroidTargetPlatform
[2018.10.18-12.50.22:270][  0]LogTemp: Display: Loaded TP AndroidTargetPlatform
[2018.10.18-12.50.22:270][  0]LogTemp: Display: Loaded TP AndroidTargetPlatform
[2018.10.18-12.50.22:270][  0]LogTemp: Display: Loaded TP AndroidTargetPlatform
[2018.10.18-12.50.22:270][  0]LogTemp: Display: Loaded TP AndroidTargetPlatform
[2018.10.18-12.50.22:270][  0]LogTemp: Display: Loaded TP AndroidTargetPlatform
[2018.10.18-12.50.22:270][  0]LogTemp: Display: Loaded TP AndroidTargetPlatform
[2018.10.18-12.50.22:270][  0]LogTemp: Display: Loaded TP AndroidTargetPlatform
[2018.10.18-12.50.22:272][  0]LogTemp: Display: Loaded TP HTML5TargetPlatform
[2018.10.18-12.50.22:335][  0]LogTemp: Display: Loaded TP IOSTargetPlatform
[2018.10.18-12.50.22:335][  0]LogTemp: Display: Loaded TP IOSTargetPlatform
[2018.10.18-12.50.22:359][  0]LogTemp: Display: Loaded TP TVOSTargetPlatform
[2018.10.18-12.50.22:359][  0]LogTemp: Display: Loaded TP TVOSTargetPlatform
[2018.10.18-12.50.22:371][  0]LogTemp: Display: Loaded TP LinuxClientTargetPlatform
[2018.10.18-12.50.22:383][  0]LogTemp: Display: Loaded TP LinuxNoEditorTargetPlatform
[2018.10.18-12.50.22:395][  0]LogTemp: Display: Loaded TP LinuxServerTargetPlatform
[2018.10.18-12.50.22:407][  0]LogTemp: Display: Loaded TP LinuxTargetPlatform
[2018.10.18-12.50.22:416][  0]LogTemp: Display: Loaded TP LuminTargetPlatform
[2018.10.18-12.50.22:416][  0]LogTargetPlatformManager: Display: Building Assets For Windows
[2018.10.18-12.50.22:487][  0]LogXGEController: Cannot use XGE Controller as Incredibuild is not installed on this machine.
[2018.10.18-12.50.22:487][  0]LogShaderCompilers: Cannot use XGE Shader Compiler as Incredibuild is not installed on this machine.
[2018.10.18-12.50.22:487][  0]LogShaderCompilers: Display: Using Local Shader Compiler.
[2018.10.18-12.50.23:154][  0]LogDerivedDataCache: Display: Max Cache Size: 512 MB
[2018.10.18-12.50.23:214][  0]LogDerivedDataCache: Loaded boot cache 0.06s 72MB C:/Users/Snowb/AppData/Local/UnrealEngine/4.20/DerivedDataCache/Boot.ddc.
[2018.10.18-12.50.23:214][  0]LogDerivedDataCache: Display: Loaded Boot cache: C:/Users/Snowb/AppData/Local/UnrealEngine/4.20/DerivedDataCache/Boot.ddc
[2018.10.18-12.50.23:215][  0]LogDerivedDataCache: FDerivedDataBackendGraph:  Pak pak cache file C:/Users/Snowb/Documents/Unreal Projects/AKotH/DerivedDataCache/DDC.ddp not found, will not use a pak cache.
[2018.10.18-12.50.23:215][  0]LogDerivedDataCache: Unable to find inner node Pak for hierarchical cache Hierarchy.
[2018.10.18-12.50.23:215][  0]LogDerivedDataCache: FDerivedDataBackendGraph:  CompressedPak pak cache file C:/Users/Snowb/Documents/Unreal Projects/AKotH/DerivedDataCache/Compressed.ddp not found, will not use a pak cache.
[2018.10.18-12.50.23:215][  0]LogDerivedDataCache: Unable to find inner node CompressedPak for hierarchical cache Hierarchy.
[2018.10.18-12.50.23:227][  0]LogDerivedDataCache: Display: Pak cache opened for reading ../../../Engine/DerivedDataCache/Compressed.ddp.
[2018.10.18-12.50.23:239][  0]LogDerivedDataCache: Using Local data cache path C:/Users/Snowb/AppData/Local/UnrealEngine/Common/DerivedDataCache: Writable
[2018.10.18-12.50.23:239][  0]LogDerivedDataCache: Shared data cache path not found in *engine.ini, will not use an Shared cache.
[2018.10.18-12.50.23:239][  0]LogDerivedDataCache: Unable to find inner node Shared for hierarchical cache Hierarchy.
[2018.10.18-12.50.23:257][  0]LogMaterial: Verifying Global Shaders for PCD3D_SM5
[2018.10.18-12.50.23:258][  0]LogSlate: Using FreeType 2.6.0
[2018.10.18-12.50.23:259][  0]LogSlate: SlateFontServices - WITH_FREETYPE: 1, WITH_HARFBUZZ: 1
[2018.10.18-12.50.23:359][  0]LogAssetRegistry: FAssetRegistry took 0.0255 seconds to start up
[2018.10.18-12.50.23:652][  0]LogInit: Selected Device Profile: [Windows]
[2018.10.18-12.50.23:793][  0]LogSimplygon: Simplygon DLL not present - disabling.
[2018.10.18-12.50.23:797][  0]LogMeshReduction: Using SimplygonSwarm for distributed automatic mesh merging
[2018.10.18-12.50.23:797][  0]LogMeshReduction: Using ProxyLODMeshReduction for automatic mesh merging
[2018.10.18-12.50.23:797][  0]LogMeshReduction: Using QuadricMeshReduction for automatic static mesh reduction
[2018.10.18-12.50.23:797][  0]LogMeshReduction: No automatic skeletal mesh reduction module available
[2018.10.18-12.50.23:814][  0]LogNetVersion: AKotH 1.0.0, NetCL: 4212847, EngineNetVer: 5, GameNetVer: 0 (Checksum: 1103324648)
[2018.10.18-12.50.24:351][  0]LogPackageLocalizationCache: Processed 11 localized package path(s) for 2 prioritized culture(s) in 0.093570 seconds
[2018.10.18-12.50.24:356][  0]LogUObjectArray: 38425 objects as part of root set at end of initial load.
[2018.10.18-12.50.24:356][  0]LogUObjectAllocator: 6690864 out of 0 bytes used by permanent object pool.
[2018.10.18-12.50.24:356][  0]LogUObjectArray: CloseDisregardForGC: 0/0 objects in disregard for GC pool
[2018.10.18-12.50.25:517][  0]LogTcpMessaging: Initializing TcpMessaging bridge
[2018.10.18-12.50.25:538][  0]LogUdpMessaging: Initializing bridge on interface 0.0.0.0:0 to multicast group 230.0.0.1:6666.
[2018.10.18-12.50.25:695][  0]SourceControl: Source control is disabled
[2018.10.18-12.50.25:695][  0]SourceControl: Source control is disabled
[2018.10.18-12.50.25:696][  0]SourceControl: Source control is disabled
[2018.10.18-12.50.25:697][  0]SourceControl: Source control is disabled
[2018.10.18-12.50.25:877][  0]LogAndroidPermission: UAndroidPermissionCallbackProxy::GetInstance
[2018.10.18-12.50.26:166][  0]LogOcInput: OculusInput pre-init called
[2018.10.18-12.50.26:232][  0]LogEngine: Initializing Engine...
[2018.10.18-12.50.26:232][  0]LogHMD: Failed to initialize OpenVR with code 110
[2018.10.18-12.50.26:233][  0]LogStats: UGameplayTagsManager::ConstructGameplayTagTree: ImportINI prefixes -  0.000 s
[2018.10.18-12.50.26:233][  0]LogStats: UGameplayTagsManager::ConstructGameplayTagTree: Construct from data asset -  0.000 s
[2018.10.18-12.50.26:234][  0]LogStats: UGameplayTagsManager::ConstructGameplayTagTree: ImportINI -  0.000 s
[2018.10.18-12.50.26:234][  0]LogStats: UGameplayTagsManager::ConstructGameplayTagTree: GameplayTagTreeChangedEvent.Broadcast -  0.000 s
[2018.10.18-12.50.26:455][  0]LogInit: Initializing FReadOnlyCVARCache
[2018.10.18-12.50.26:473][  0]LogAIModule: Creating AISystem for world Untitled
[2018.10.18-12.50.26:525][  0]LogInit: XAudio2 using 'Lautsprecher (USB Audio Device)' : 2 channels at 48 kHz using 16 bits per sample (channel mask 0x3)
[2018.10.18-12.50.26:547][  0]LogInit: FAudioDevice initialized.
[2018.10.18-12.50.26:547][  0]LogNetVersion: Set ProjectVersion to 1.0.0.0. Version Checksum will be recalculated on next use.
[2018.10.18-12.50.26:632][  0]LogDerivedDataCache: Saved boot cache 0.08s 72MB C:/Users/Snowb/AppData/Local/UnrealEngine/4.20/DerivedDataCache/Boot.ddc.
[2018.10.18-12.50.26:642][  0]LogInit: Texture streaming: Enabled
[2018.10.18-12.50.26:663][  0]LogEngineSessionManager: EngineSessionManager initialized
[2018.10.18-12.50.26:677][  0]LogInit: Transaction tracking system initialized
[2018.10.18-12.50.26:705][  0]BlueprintLog: New page: Editor Load
[2018.10.18-12.50.26:866][  0]LocalizationService: Localization service is disabled
[2018.10.18-12.50.27:284][  0]LogCook: Display: Max memory allowance for cook 16384mb min free memory 0mb
[2018.10.18-12.50.27:284][  0]LogCook: Display: Mobile HDR setting 1
[2018.10.18-12.50.27:284][  0]LogGameplayTags: Display: UGameplayTagsManager::DoneAddingNativeTags. DelegateIsBound: 0
[2018.10.18-12.50.27:284][  0]LogStats: UGameplayTagsManager::ConstructGameplayTagTree: ImportINI prefixes -  0.000 s
[2018.10.18-12.50.27:284][  0]LogStats: UGameplayTagsManager::ConstructGameplayTagTree: Construct from data asset -  0.000 s
[2018.10.18-12.50.27:284][  0]LogStats: UGameplayTagsManager::ConstructGameplayTagTree: ImportINI -  0.000 s
[2018.10.18-12.50.27:284][  0]LogStats: UGameplayTagsManager::ConstructGameplayTagTree: GameplayTagTreeChangedEvent.Broadcast -  0.000 s
[2018.10.18-12.50.27:339][  0]LogFileCache: Scanning file cache for directory 'C:/Users/Snowb/Documents/Unreal Projects/AKotH/Content/' took 0.01s
[2018.10.18-12.50.27:430][  0]SourceControl: Source control is disabled
[2018.10.18-12.50.27:589][  0]LogFactory: FactoryCreateFile: PackFactory with PackFactory (0 0 D:/Program Files/Epic Games/UE_4.20/FeaturePacks/StarterContent.upack)
[2018.10.18-12.50.27:687][  0]LogPackFactory: Finished extracting 8 files (including 0 errors).
[2018.10.18-12.50.27:744][  0]LogPackFactory: Copied "../../../Samples/StarterContent/Content/StarterContent/Architecture/Floor_400x400.uasset" to "C:/Users/Snowb/Documents/Unreal Projects/AKotH/Content/StarterContent/Architecture/Floor_400x400.uasset"
[2018.10.18-12.50.27:771][  0]LogPackFactory: Copied "../../../Samples/StarterContent/Content/StarterContent/Architecture/Pillar_50x500.uasset" to "C:/Users/Snowb/Documents/Unreal Projects/AKotH/Content/StarterContent/Architecture/Pillar_50x500.uasset"
[2018.10.18-12.50.27:880][  0]LogPackFactory: Copied "../../../Samples/StarterContent/Content/StarterContent/Architecture/SM_AssetPlatform.uasset" to "C:/Users/Snowb/Documents/Unreal Projects/AKotH/Content/StarterContent/Architecture/SM_AssetPlatform.uasset"
[2018.10.18-12.50.27:905][  0]LogPackFactory: Copied "../../../Samples/StarterContent/Content/StarterContent/Architecture/Wall_400x200.uasset" to "C:/Users/Snowb/Documents/Unreal Projects/AKotH/Content/StarterContent/Architecture/Wall_400x200.uasset"
[2018.10.18-12.50.27:933][  0]LogPackFactory: Copied "../../../Samples/StarterContent/Content/StarterContent/Architecture/Wall_400x300.uasset" to "C:/Users/Snowb/Documents/Unreal Projects/AKotH/Content/StarterContent/Architecture/Wall_400x300.uasset"
[2018.10.18-12.50.27:967][  0]LogPackFactory: Copied "../../../Samples/StarterContent/Content/StarterContent/Architecture/Wall_400x400.uasset" to "C:/Users/Snowb/Documents/Unreal Projects/AKotH/Content/StarterContent/Architecture/Wall_400x400.uasset"
[2018.10.18-12.50.27:983][  0]LogPackFactory: Copied "../../../Samples/StarterContent/Content/StarterContent/Architecture/Wall_500x500.uasset" to "C:/Users/Snowb/Documents/Unreal Projects/AKotH/Content/StarterContent/Architecture/Wall_500x500.uasset"
[2018.10.18-12.50.28:018][  0]LogPackFactory: Copied "../../../Samples/StarterContent/Content/StarterContent/Architecture/Wall_Door_400x300.uasset" to "C:/Users/Snowb/Documents/Unreal Projects/AKotH/Content/StarterContent/Architecture/Wall_Door_400x300.uasset"
[2018.10.18-12.50.28:046][  0]LogPackFactory: Copied "../../../Samples/StarterContent/Content/StarterContent/Architecture/Wall_Door_400x400.uasset" to "C:/Users/Snowb/Documents/Unreal Projects/AKotH/Content/StarterContent/Architecture/Wall_Door_400x400.uasset"
[2018.10.18-12.50.28:084][  0]LogPackFactory: Copied "../../../Samples/StarterContent/Content/StarterContent/Architecture/Wall_Window_400x300.uasset" to "C:/Users/Snowb/Documents/Unreal Projects/AKotH/Content/StarterContent/Architecture/Wall_Window_400x300.uasset"
[2018.10.18-12.50.28:112][  0]LogPackFactory: Copied "../../../Samples/StarterContent/Content/StarterContent/Architecture/Wall_Window_400x400.uasset" to "C:/Users/Snowb/Documents/Unreal Projects/AKotH/Content/StarterContent/Architecture/Wall_Window_400x400.uasset"
[2018.10.18-12.50.28:149][  0]LogPackFactory: Copied "../../../Samples/StarterContent/Content/StarterContent/Audio/Collapse01.uasset" to "C:/Users/Snowb/Documents/Unreal Projects/AKotH/Content/StarterContent/Audio/Collapse01.uasset"
[2018.10.18-12.50.28:249][  0]LogPackFactory: Copied "../../../Samples/StarterContent/Content/StarterContent/Audio/Collapse02.uasset" to "C:/Users/Snowb/Documents/Unreal Projects/AKotH/Content/StarterContent/Audio/Collapse02.uasset"
[2018.10.18-12.50.28:276][  0]LogPackFactory: Copied "../../../Samples/StarterContent/Content/StarterContent/Audio/Collapse_Cue.uasset" to "C:/Users/Snowb/Documents/Unreal Projects/AKotH/Content/StarterContent/Audio/Collapse_Cue.uasset"
[2018.10.18-12.50.28:400][  0]LogPackFactory: Copied "../../../Samples/StarterContent/Content/StarterContent/Audio/Explosion01.uasset" to "C:/Users/Snowb/Documents/Unreal Projects/AKotH/Content/StarterContent/Audio/Explosion01.uasset"
[2018.10.18-12.50.28:465][  0]LogPackFactory: Copied "../../../Samples/StarterContent/Content/StarterContent/Audio/Explosion02.uasset" to "C:/Users/Snowb/Documents/Unreal Projects/AKotH/Content/StarterContent/Audio/Explosion02.uasset"
[2018.10.18-12.50.28:497][  0]LogPackFactory: Copied "../../../Samples/StarterContent/Content/StarterContent/Audio/Explosion_Cue.uasset" to "C:/Users/Snowb/Documents/Unreal Projects/AKotH/Content/StarterContent/Audio/Explosion_Cue.uasset"
[2018.10.18-12.50.28:585][  0]LogPackFactory: Copied "../../../Samples/StarterContent/Content/StarterContent/Audio/Fire01.uasset" to "C:/Users/Snowb/Documents/Unreal Projects/AKotH/Content/StarterContent/Audio/Fire01.uasset"
[2018.10.18-12.50.28:616][  0]LogPackFactory: Copied "../../../Samples/StarterContent/Content/StarterContent/Audio/Fire01_Cue.uasset" to "C:/Users/Snowb/Documents/Unreal Projects/AKotH/Content/StarterContent/Audio/Fire01_Cue.uasset"
[2018.10.18-12.50.28:829][  0]LogPackFactory: Copied "../../../Samples/StarterContent/Content/StarterContent/Audio/Fire_Sparks01.uasset" to "C:/Users/Snowb/Documents/Unreal Projects/AKotH/Content/StarterContent/Audio/Fire_Sparks01.uasset"
[2018.10.18-12.50.28:856][  0]LogPackFactory: Copied "../../../Samples/StarterContent/Content/StarterContent/Audio/Fire_Sparks01_Cue.uasset" to "C:/Users/Snowb/Documents/Unreal Projects/AKotH/Content/StarterContent/Audio/Fire_Sparks01_Cue.uasset"
[2018.10.18-12.50.28:921][  0]LogPackFactory: Copied "../../../Samples/StarterContent/Content/StarterContent/Audio/Light01.uasset" to "C:/Users/Snowb/Documents/Unreal Projects/AKotH/Content/StarterContent/Audio/Light01.uasset"
[2018.10.18-12.50.28:954][  0]LogPackFactory: Copied "../../../Samples/StarterContent/Content/StarterContent/Audio/Light01_Cue.uasset" to "C:/Users/Snowb/Documents/Unreal Projects/AKotH/Content/StarterContent/Audio/Light01_Cue.uasset"
[2018.10.18-12.50.29:072][  0]LogPackFactory: Copied "../../../Samples/StarterContent/Content/StarterContent/Audio/Light02.uasset" to "C:/Users/Snowb/Documents/Unreal Projects/AKotH/Content/StarterContent/Audio/Light02.uasset"
[2018.10.18-12.50.29:101][  0]LogPackFactory: Copied "../../../Samples/StarterContent/Content/StarterContent/Audio/Light02_Cue.uasset" to "C:/Users/Snowb/Documents/Unreal Projects/AKotH/Content/StarterContent/Audio/Light02_Cue.uasset"
[2018.10.18-12.50.29:278][  0]LogPackFactory: Copied "../../../Samples/StarterContent/Content/StarterContent/Audio/Smoke01.uasset" to "C:/Users/Snowb/Documents/Unreal Projects/AKotH/Content/StarterContent/Audio/Smoke01.uasset"
[2018.10.18-12.50.29:295][  0]LogPackFactory: Copied "../../../Samples/StarterContent/Content/StarterContent/Audio/Smoke01_Cue.uasset" to "C:/Users/Snowb/Documents/Unreal Projects/AKotH/Content/StarterContent/Audio/Smoke01_Cue.uasset"
[2018.10.18-12.50.29:321][  0]LogPackFactory: Copied "../../../Samples/StarterContent/Content/StarterContent/Audio/Starter_Background_Cue.uasset" to "C:/Users/Snowb/Documents/Unreal Projects/AKotH/Content/StarterContent/Audio/Starter_Background_Cue.uasset"
[2018.10.18-12.50.29:843][  0]LogPackFactory: Copied "../../../Samples/StarterContent/Content/StarterContent/Audio/Starter_Birds01.uasset" to "C:/Users/Snowb/Documents/Unreal Projects/AKotH/Content/StarterContent/Audio/Starter_Birds01.uasset"
[2018.10.18-12.50.30:605][  0]LogPackFactory: Copied "../../../Samples/StarterContent/Content/StarterContent/Audio/Starter_Music01.uasset" to "C:/Users/Snowb/Documents/Unreal Projects/AKotH/Content/StarterContent/Audio/Starter_Music01.uasset"
[2018.10.18-12.50.30:684][  0]LogPackFactory: Copied "../../../Samples/StarterContent/Content/StarterContent/Audio/Starter_Music_Cue.uasset" to "C:/Users/Snowb/Documents/Unreal Projects/AKotH/Content/StarterContent/Audio/Starter_Music_Cue.uasset"
[2018.10.18-12.50.31:039][  0]LogPackFactory: Copied "../../../Samples/StarterContent/Content/StarterContent/Audio/Starter_Wind05.uasset" to "C:/Users/Snowb/Documents/Unreal Projects/AKotH/Content/StarterContent/Audio/Starter_Wind05.uasset"
[2018.10.18-12.50.31:228][  0]LogPackFactory: Copied "../../../Samples/StarterContent/Content/StarterContent/Audio/Starter_Wind06.uasset" to "C:/Users/Snowb/Documents/Unreal Projects/AKotH/Content/StarterContent/Audio/Starter_Wind06.uasset"
[2018.10.18-12.50.31:387][  0]LogPackFactory: Copied "../../../Samples/StarterContent/Content/StarterContent/Audio/Steam01.uasset" to "C:/Users/Snowb/Documents/Unreal Projects/AKotH/Content/StarterContent/Audio/Steam01.uasset"
[2018.10.18-12.50.31:408][  0]LogPackFactory: Copied "../../../Samples/StarterContent/Content/StarterContent/Audio/Steam01_Cue.uasset" to "C:/Users/Snowb/Documents/Unreal Projects/AKotH/Content/StarterContent/Audio/Steam01_Cue.uasset"
[2018.10.18-12.50.31:453][  0]LogPackFactory: Copied "../../../Samples/StarterContent/Content/StarterContent/Blueprints/Blueprint_CeilingLight.uasset" to "C:/Users/Snowb/Documents/Unreal Projects/AKotH/Content/StarterContent/Blueprints/Blueprint_CeilingLight.uasset"
[2018.10.18-12.50.31:486][  0]LogPackFactory: Copied "../../../Samples/StarterContent/Content/StarterContent/Blueprints/Blueprint_Effect_Explosion.uasset" to "C:/Users/Snowb/Documents/Unreal Projects/AKotH/Content/StarterContent/Blueprints/Blueprint_Effect_Explosion.uasset"
[2018.10.18-12.50.31:519][  0]LogPackFactory: Copied "../../../Samples/StarterContent/Content/StarterContent/Blueprints/Blueprint_Effect_Fire.uasset" to "C:/Users/Snowb/Documents/Unreal Projects/AKotH/Content/StarterContent/Blueprints/Blueprint_Effect_Fire.uasset"
[2018.10.18-12.50.31:546][  0]LogPackFactory: Copied "../../../Samples/StarterContent/Content/StarterContent/Blueprints/Blueprint_Effect_Smoke.uasset" to "C:/Users/Snowb/Documents/Unreal Projects/AKotH/Content/StarterContent/Blueprints/Blueprint_Effect_Smoke.uasset"
[2018.10.18-12.50.31:590][  0]LogPackFactory: Copied "../../../Samples/StarterContent/Content/StarterContent/Blueprints/Blueprint_Effect_Sparks.uasset" to "C:/Users/Snowb/Documents/Unreal Projects/AKotH/Content/StarterContent/Blueprints/Blueprint_Effect_Sparks.uasset"
[2018.10.18-12.50.31:612][  0]LogPackFactory: Copied "../../../Samples/StarterContent/Content/StarterContent/Blueprints/Blueprint_Effect_Steam.uasset" to "C:/Users/Snowb/Documents/Unreal Projects/AKotH/Content/StarterContent/Blueprints/Blueprint_Effect_Steam.uasset"
[2018.10.18-12.50.31:632][  0]LogPackFactory: Copied "../../../Samples/StarterContent/Content/StarterContent/Blueprints/Blueprint_WallSconce.uasset" to "C:/Users/Snowb/Documents/Unreal Projects/AKotH/Content/StarterContent/Blueprints/Blueprint_WallSconce.uasset"
[2018.10.18-12.50.31:777][  0]LogPackFactory: Copied "../../../Samples/StarterContent/Content/StarterContent/Blueprints/BP_LightStudio.uasset" to "C:/Users/Snowb/Documents/Unreal Projects/AKotH/Content/StarterContent/Blueprints/BP_LightStudio.uasset"
[2018.10.18-12.50.31:818][  0]LogPackFactory: Copied "../../../Samples/StarterContent/Content/StarterContent/Blueprints/Assets/FogBrightnessLUT.uasset" to "C:/Users/Snowb/Documents/Unreal Projects/AKotH/Content/StarterContent/Blueprints/Assets/FogBrightnessLUT.uasset"
[2018.10.18-12.50.31:849][  0]LogPackFactory: Copied "../../../Samples/StarterContent/Content/StarterContent/Blueprints/Assets/M_LightStage_Arrows.uasset" to "C:/Users/Snowb/Documents/Unreal Projects/AKotH/Content/StarterContent/Blueprints/Assets/M_LightStage_Arrows.uasset"
[2018.10.18-12.50.31:880][  0]LogPackFactory: Copied "../../../Samples/StarterContent/Content/StarterContent/Blueprints/Assets/M_LightStage_Skybox_Black.uasset" to "C:/Users/Snowb/Documents/Unreal Projects/AKotH/Content/StarterContent/Blueprints/Assets/M_LightStage_Skybox_Black.uasset"
[2018.10.18-12.50.31:901][  0]LogPackFactory: Copied "../../../Samples/StarterContent/Content/StarterContent/Blueprints/Assets/M_LightStage_Skybox_HDRI.uasset" to "C:/Users/Snowb/Documents/Unreal Projects/AKotH/Content/StarterContent/Blueprints/Assets/M_LightStage_Skybox_HDRI.uasset"
[2018.10.18-12.50.31:956][  0]LogPackFactory: Copied "../../../Samples/StarterContent/Content/StarterContent/Blueprints/Assets/M_LightStage_Skybox_Master.uasset" to "C:/Users/Snowb/Documents/Unreal Projects/AKotH/Content/StarterContent/Blueprints/Assets/M_LightStage_Skybox_Master.uasset"
[2018.10.18-12.50.32:094][  0]LogPackFactory: Copied "../../../Samples/StarterContent/Content/StarterContent/Blueprints/Assets/Skybox.uasset" to "C:/Users/Snowb/Documents/Unreal Projects/AKotH/Content/StarterContent/Blueprints/Assets/Skybox.uasset"
[2018.10.18-12.50.32:248][  0]LogPackFactory: Copied "../../../Samples/StarterContent/Content/StarterContent/Blueprints/Assets/SM_Arrows.uasset" to "C:/Users/Snowb/Documents/Unreal Projects/AKotH/Content/StarterContent/Blueprints/Assets/SM_Arrows.uasset"
[2018.10.18-12.50.32:317][  0]LogPackFactory: Copied "../../../Samples/StarterContent/Content/StarterContent/Blueprints/Assets/SunlightColorLUT.uasset" to "C:/Users/Snowb/Documents/Unreal Projects/AKotH/Content/StarterContent/Blueprints/Assets/SunlightColorLUT.uasset"
[2018.10.18-12.50.35:658][  0]LogPackFactory: Copied "../../../Samples/StarterContent/Content/StarterContent/HDRI/HDRI_Epic_Courtyard_Daylight.uasset" to "C:/Users/Snowb/Documents/Unreal Projects/AKotH/Content/StarterContent/HDRI/HDRI_Epic_Courtyard_Daylight.uasset"
[2018.10.18-12.50.35:704][  0]LogPackFactory: Copied "../../../Samples/StarterContent/Content/StarterContent/Maps/Advanced_Lighting.umap" to "C:/Users/Snowb/Documents/Unreal Projects/AKotH/Content/StarterContent/Maps/Advanced_Lighting.umap"
[2018.10.18-12.50.35:887][  0]LogPackFactory: Copied "../../../Samples/StarterContent/Content/StarterContent/Maps/Advanced_Lighting_BuiltData.uasset" to "C:/Users/Snowb/Documents/Unreal Projects/AKotH/Content/StarterContent/Maps/Advanced_Lighting_BuiltData.uasset"
[2018.10.18-12.50.36:027][  0]LogPackFactory: Copied "../../../Samples/StarterContent/Content/StarterContent/Maps/Minimal_Default.umap" to "C:/Users/Snowb/Documents/Unreal Projects/AKotH/Content/StarterContent/Maps/Minimal_Default.umap"
[2018.10.18-12.50.36:549][  0]LogPackFactory: Copied "../../../Samples/StarterContent/Content/StarterContent/Maps/Minimal_Default_BuiltData.uasset" to "C:/Users/Snowb/Documents/Unreal Projects/AKotH/Content/StarterContent/Maps/Minimal_Default_BuiltData.uasset"
[2018.10.18-12.50.36:724][  0]LogPackFactory: Copied "../../../Samples/StarterContent/Content/StarterContent/Maps/StarterMap.umap" to "C:/Users/Snowb/Documents/Unreal Projects/AKotH/Content/StarterContent/Maps/StarterMap.umap"
[2018.10.18-12.50.38:741][  0]LogPackFactory: Copied "../../../Samples/StarterContent/Content/StarterContent/Maps/StarterMap_BuiltData.uasset" to "C:/Users/Snowb/Documents/Unreal Projects/AKotH/Content/StarterContent/Maps/StarterMap_BuiltData.uasset"
[2018.10.18-12.50.38:789][  0]LogPackFactory: Copied "../../../Samples/StarterContent/Content/StarterContent/Materials/M_AssetPlatform.uasset" to "C:/Users/Snowb/Documents/Unreal Projects/AKotH/Content/StarterContent/Materials/M_AssetPlatform.uasset"
[2018.10.18-12.50.38:832][  0]LogPackFactory: Copied "../../../Samples/StarterContent/Content/StarterContent/Materials/M_Basic_Floor.uasset" to "C:/Users/Snowb/Documents/Unreal Projects/AKotH/Content/StarterContent/Materials/M_Basic_Floor.uasset"
[2018.10.18-12.50.38:861][  0]LogPackFactory: Copied "../../../Samples/StarterContent/Content/StarterContent/Materials/M_Basic_Wall.uasset" to "C:/Users/Snowb/Documents/Unreal Projects/AKotH/Content/StarterContent/Materials/M_Basic_Wall.uasset"
[2018.10.18-12.50.38:916][  0]LogPackFactory: Copied "../../../Samples/StarterContent/Content/StarterContent/Materials/M_Brick_Clay_Beveled.uasset" to "C:/Users/Snowb/Documents/Unreal Projects/AKotH/Content/StarterContent/Materials/M_Brick_Clay_Beveled.uasset"
[2018.10.18-12.50.38:979][  0]LogPackFactory: Copied "../../../Samples/StarterContent/Content/StarterContent/Materials/M_Brick_Clay_New.uasset" to "C:/Users/Snowb/Documents/Unreal Projects/AKotH/Content/StarterContent/Materials/M_Brick_Clay_New.uasset"
[2018.10.18-12.50.39:023][  0]LogPackFactory: Copied "../../../Samples/StarterContent/Content/StarterContent/Materials/M_Brick_Clay_Old.uasset" to "C:/Users/Snowb/Documents/Unreal Projects/AKotH/Content/StarterContent/Materials/M_Brick_Clay_Old.uasset"
[2018.10.18-12.50.39:102][  0]LogPackFactory: Copied "../../../Samples/StarterContent/Content/StarterContent/Materials/M_Brick_Cut_Stone.uasset" to "C:/Users/Snowb/Documents/Unreal Projects/AKotH/Content/StarterContent/Materials/M_Brick_Cut_Stone.uasset"
[2018.10.18-12.50.39:137][  0]LogPackFactory: Copied "../../../Samples/StarterContent/Content/StarterContent/Materials/M_Brick_Hewn_Stone.uasset" to "C:/Users/Snowb/Documents/Unreal Projects/AKotH/Content/StarterContent/Materials/M_Brick_Hewn_Stone.uasset"
[2018.10.18-12.50.39:168][  0]LogPackFactory: Copied "../../../Samples/StarterContent/Content/StarterContent/Materials/M_Ceramic_Tile_Checker.uasset" to "C:/Users/Snowb/Documents/Unreal Projects/AKotH/Content/StarterContent/Materials/M_Ceramic_Tile_Checker.uasset"
[2018.10.18-12.50.39:180][  0]LogPackFactory: Copied "../../../Samples/StarterContent/Content/StarterContent/Materials/M_CobbleStone_Pebble.uasset" to "C:/Users/Snowb/Documents/Unreal Projects/AKotH/Content/StarterContent/Materials/M_CobbleStone_Pebble.uasset"
[2018.10.18-12.50.39:297][  0]LogPackFactory: Copied "../../../Samples/StarterContent/Content/StarterContent/Materials/M_CobbleStone_Rough.uasset" to "C:/Users/Snowb/Documents/Unreal Projects/AKotH/Content/StarterContent/Materials/M_CobbleStone_Rough.uasset"
[2018.10.18-12.50.39:355][  0]LogPackFactory: Copied "../../../Samples/StarterContent/Content/StarterContent/Materials/M_CobbleStone_Smooth.uasset" to "C:/Users/Snowb/Documents/Unreal Projects/AKotH/Content/StarterContent/Materials/M_CobbleStone_Smooth.uasset"
[2018.10.18-12.50.39:394][  0]LogPackFactory: Copied "../../../Samples/StarterContent/Content/StarterContent/Materials/M_ColorGrid_LowSpec.uasset" to "C:/Users/Snowb/Documents/Unreal Projects/AKotH/Content/StarterContent/Materials/M_ColorGrid_LowSpec.uasset"
[2018.10.18-12.50.39:413][  0]LogPackFactory: Copied "../../../Samples/StarterContent/Content/StarterContent/Materials/M_Concrete_Grime.uasset" to "C:/Users/Snowb/Documents/Unreal Projects/AKotH/Content/StarterContent/Materials/M_Concrete_Grime.uasset"
[2018.10.18-12.50.39:468][  0]LogPackFactory: Copied "../../../Samples/StarterContent/Content/StarterContent/Materials/M_Concrete_Panels.uasset" to "C:/Users/Snowb/Documents/Unreal Projects/AKotH/Content/StarterContent/Materials/M_Concrete_Panels.uasset"
[2018.10.18-12.50.39:548][  0]LogPackFactory: Copied "../../../Samples/StarterContent/Content/StarterContent/Materials/M_Concrete_Poured.uasset" to "C:/Users/Snowb/Documents/Unreal Projects/AKotH/Content/StarterContent/Materials/M_Concrete_Poured.uasset"
[2018.10.18-12.50.39:773][  0]LogPackFactory: Copied "../../../Samples/StarterContent/Content/StarterContent/Materials/M_Concrete_Tiles.uasset" to "C:/Users/Snowb/Documents/Unreal Projects/AKotH/Content/StarterContent/Materials/M_Concrete_Tiles.uasset"
[2018.10.18-12.50.39:800][  0]LogPackFactory: Copied "../../../Samples/StarterContent/Content/StarterContent/Materials/M_Glass.uasset" to "C:/Users/Snowb/Documents/Unreal Projects/AKotH/Content/StarterContent/Materials/M_Glass.uasset"
[2018.10.18-12.50.39:932][  0]LogPackFactory: Copied "../../../Samples/StarterContent/Content/StarterContent/Materials/M_Ground_Grass.uasset" to "C:/Users/Snowb/Documents/Unreal Projects/AKotH/Content/StarterContent/Materials/M_Ground_Grass.uasset"
[2018.10.18-12.50.39:989][  0]LogPackFactory: Copied "../../../Samples/StarterContent/Content/StarterContent/Materials/M_Ground_Gravel.uasset" to "C:/Users/Snowb/Documents/Unreal Projects/AKotH/Content/StarterContent/Materials/M_Ground_Gravel.uasset"
[2018.10.18-12.50.40:047][  0]LogPackFactory: Copied "../../../Samples/StarterContent/Content/StarterContent/Materials/M_Ground_Moss.uasset" to "C:/Users/Snowb/Documents/Unreal Projects/AKotH/Content/StarterContent/Materials/M_Ground_Moss.uasset"
[2018.10.18-12.50.40:087][  0]LogPackFactory: Copied "../../../Samples/StarterContent/Content/StarterContent/Materials/M_Metal_Brushed_Nickel.uasset" to "C:/Users/Snowb/Documents/Unreal Projects/AKotH/Content/StarterContent/Materials/M_Metal_Brushed_Nickel.uasset"
[2018.10.18-12.50.40:112][  0]LogPackFactory: Copied "../../../Samples/StarterContent/Content/StarterContent/Materials/M_Metal_Burnished_Steel.uasset" to "C:/Users/Snowb/Documents/Unreal Projects/AKotH/Content/StarterContent/Materials/M_Metal_Burnished_Steel.uasset"
[2018.10.18-12.50.40:139][  0]LogPackFactory: Copied "../../../Samples/StarterContent/Content/StarterContent/Materials/M_Metal_Chrome.uasset" to "C:/Users/Snowb/Documents/Unreal Projects/AKotH/Content/StarterContent/Materials/M_Metal_Chrome.uasset"
[2018.10.18-12.50.40:194][  0]LogPackFactory: Copied "../../../Samples/StarterContent/Content/StarterContent/Materials/M_Metal_Copper.uasset" to "C:/Users/Snowb/Documents/Unreal Projects/AKotH/Content/StarterContent/Materials/M_Metal_Copper.uasset"
[2018.10.18-12.50.40:366][  0]LogPackFactory: Copied "../../../Samples/StarterContent/Content/StarterContent/Materials/M_Metal_Gold.uasset" to "C:/Users/Snowb/Documents/Unreal Projects/AKotH/Content/StarterContent/Materials/M_Metal_Gold.uasset"
[2018.10.18-12.50.40:392][  0]LogPackFactory: Copied "../../../Samples/StarterContent/Content/StarterContent/Materials/M_Metal_Rust.uasset" to "C:/Users/Snowb/Documents/Unreal Projects/AKotH/Content/StarterContent/Materials/M_Metal_Rust.uasset"
[2018.10.18-12.50.40:520][  0]LogPackFactory: Copied "../../../Samples/StarterContent/Content/StarterContent/Materials/M_Metal_Steel.uasset" to "C:/Users/Snowb/Documents/Unreal Projects/AKotH/Content/StarterContent/Materials/M_Metal_Steel.uasset"
[2018.10.18-12.50.40:540][  0]LogPackFactory: Copied "../../../Samples/StarterContent/Content/StarterContent/Materials/M_Rock_Basalt.uasset" to "C:/Users/Snowb/Documents/Unreal Projects/AKotH/Content/StarterContent/Materials/M_Rock_Basalt.uasset"
[2018.10.18-12.50.40:545][  0]LogPackFactory: Copied "../../../Samples/StarterContent/Content/StarterContent/Materials/M_Rock_Marble_Polished.uasset" to "C:/Users/Snowb/Documents/Unreal Projects/AKotH/Content/StarterContent/Materials/M_Rock_Marble_Polished.uasset"
[2018.10.18-12.50.40:560][  0]LogPackFactory: Copied "../../../Samples/StarterContent/Content/StarterContent/Materials/M_Rock_Sandstone.uasset" to "C:/Users/Snowb/Documents/Unreal Projects/AKotH/Content/StarterContent/Materials/M_Rock_Sandstone.uasset"
[2018.10.18-12.50.40:565][  0]LogPackFactory: Copied "../../../Samples/StarterContent/Content/StarterContent/Materials/M_Rock_Slate.uasset" to "C:/Users/Snowb/Documents/Unreal Projects/AKotH/Content/StarterContent/Materials/M_Rock_Slate.uasset"
[2018.10.18-12.50.40:637][  0]LogPackFactory: Copied "../../../Samples/StarterContent/Content/StarterContent/Materials/M_Tech_Checker_Dot.uasset" to "C:/Users/Snowb/Documents/Unreal Projects/AKotH/Content/StarterContent/Materials/M_Tech_Checker_Dot.uasset"
[2018.10.18-12.50.40:717][  0]LogPackFactory: Copied "../../../Samples/StarterContent/Content/StarterContent/Materials/M_Tech_Hex_Tile.uasset" to "C:/Users/Snowb/Documents/Unreal Projects/AKotH/Content/StarterContent/Materials/M_Tech_Hex_Tile.uasset"
[2018.10.18-12.50.40:810][  0]LogPackFactory: Copied "../../../Samples/StarterContent/Content/StarterContent/Materials/M_Tech_Hex_Tile_Pulse.uasset" to "C:/Users/Snowb/Documents/Unreal Projects/AKotH/Content/StarterContent/Materials/M_Tech_Hex_Tile_Pulse.uasset"
[2018.10.18-12.50.40:887][  0]LogPackFactory: Copied "../../../Samples/StarterContent/Content/StarterContent/Materials/M_Tech_Panel.uasset" to "C:/Users/Snowb/Documents/Unreal Projects/AKotH/Content/StarterContent/Materials/M_Tech_Panel.uasset"
[2018.10.18-12.50.40:953][  0]LogPackFactory: Copied "../../../Samples/StarterContent/Content/StarterContent/Materials/M_Water_Lake.uasset" to "C:/Users/Snowb/Documents/Unreal Projects/AKotH/Content/StarterContent/Materials/M_Water_Lake.uasset"
[2018.10.18-12.50.41:084][  0]LogPackFactory: Copied "../../../Samples/StarterContent/Content/StarterContent/Materials/M_Water_Ocean.uasset" to "C:/Users/Snowb/Documents/Unreal Projects/AKotH/Content/StarterContent/Materials/M_Water_Ocean.uasset"
[2018.10.18-12.50.41:185][  0]LogPackFactory: Copied "../../../Samples/StarterContent/Content/StarterContent/Materials/M_Wood_Floor_Walnut_Polished.uasset" to "C:/Users/Snowb/Documents/Unreal Projects/AKotH/Content/StarterContent/Materials/M_Wood_Floor_Walnut_Polished.uasset"
[2018.10.18-12.50.41:256][  0]LogPackFactory: Copied "../../../Samples/StarterContent/Content/StarterContent/Materials/M_Wood_Floor_Walnut_Worn.uasset" to "C:/Users/Snowb/Documents/Unreal Projects/AKotH/Content/StarterContent/Materials/M_Wood_Floor_Walnut_Worn.uasset"
[2018.10.18-12.50.41:305][  0]LogPackFactory: Copied "../../../Samples/StarterContent/Content/StarterContent/Materials/M_Wood_Oak.uasset" to "C:/Users/Snowb/Documents/Unreal Projects/AKotH/Content/StarterContent/Materials/M_Wood_Oak.uasset"
[2018.10.18-12.50.41:325][  0]LogPackFactory: Copied "../../../Samples/StarterContent/Content/StarterContent/Materials/M_Wood_Pine.uasset" to "C:/Users/Snowb/Documents/Unreal Projects/AKotH/Content/StarterContent/Materials/M_Wood_Pine.uasset"
[2018.10.18-12.50.41:389][  0]LogPackFactory: Copied "../../../Samples/StarterContent/Content/StarterContent/Materials/M_Wood_Walnut.uasset" to "C:/Users/Snowb/Documents/Unreal Projects/AKotH/Content/StarterContent/Materials/M_Wood_Walnut.uasset"
[2018.10.18-12.50.41:410][  0]LogPackFactory: Copied "../../../Samples/StarterContent/Content/StarterContent/Particles/P_Ambient_Dust.uasset" to "C:/Users/Snowb/Documents/Unreal Projects/AKotH/Content/StarterContent/Particles/P_Ambient_Dust.uasset"
[2018.10.18-12.50.41:484][  0]LogPackFactory: Copied "../../../Samples/StarterContent/Content/StarterContent/Particles/P_Explosion.uasset" to "C:/Users/Snowb/Documents/Unreal Projects/AKotH/Content/StarterContent/Particles/P_Explosion.uasset"
[2018.10.18-12.50.41:557][  0]LogPackFactory: Copied "../../../Samples/StarterContent/Content/StarterContent/Particles/P_Fire.uasset" to "C:/Users/Snowb/Documents/Unreal Projects/AKotH/Content/StarterContent/Particles/P_Fire.uasset"
[2018.10.18-12.50.41:590][  0]LogPackFactory: Copied "../../../Samples/StarterContent/Content/StarterContent/Particles/P_Smoke.uasset" to "C:/Users/Snowb/Documents/Unreal Projects/AKotH/Content/StarterContent/Particles/P_Smoke.uasset"
[2018.10.18-12.50.41:619][  0]LogPackFactory: Copied "../../../Samples/StarterContent/Content/StarterContent/Particles/P_Sparks.uasset" to "C:/Users/Snowb/Documents/Unreal Projects/AKotH/Content/StarterContent/Particles/P_Sparks.uasset"
[2018.10.18-12.50.41:640][  0]LogPackFactory: Copied "../../../Samples/StarterContent/Content/StarterContent/Particles/P_Steam_Lit.uasset" to "C:/Users/Snowb/Documents/Unreal Projects/AKotH/Content/StarterContent/Particles/P_Steam_Lit.uasset"
[2018.10.18-12.50.41:643][  0]LogPackFactory: Copied "../../../Samples/StarterContent/Content/StarterContent/Particles/Materials/M_Burst.uasset" to "C:/Users/Snowb/Documents/Unreal Projects/AKotH/Content/StarterContent/Particles/Materials/M_Burst.uasset"
[2018.10.18-12.50.41:682][  0]LogPackFactory: Copied "../../../Samples/StarterContent/Content/StarterContent/Particles/Materials/M_Dust_Particle.uasset" to "C:/Users/Snowb/Documents/Unreal Projects/AKotH/Content/StarterContent/Particles/Materials/M_Dust_Particle.uasset"
[2018.10.18-12.50.41:715][  0]LogPackFactory: Copied "../../../Samples/StarterContent/Content/StarterContent/Particles/Materials/M_explosion_subUV.uasset" to "C:/Users/Snowb/Documents/Unreal Projects/AKotH/Content/StarterContent/Particles/Materials/M_explosion_subUV.uasset"
[2018.10.18-12.50.41:749][  0]LogPackFactory: Copied "../../../Samples/StarterContent/Content/StarterContent/Particles/Materials/M_Fire_SubUV.uasset" to "C:/Users/Snowb/Documents/Unreal Projects/AKotH/Content/StarterContent/Particles/Materials/M_Fire_SubUV.uasset"
[2018.10.18-12.50.41:784][  0]LogPackFactory: Copied "../../../Samples/StarterContent/Content/StarterContent/Particles/Materials/m_flare_01.uasset" to "C:/Users/Snowb/Documents/Unreal Projects/AKotH/Content/StarterContent/Particles/Materials/m_flare_01.uasset"
[2018.10.18-12.50.41:825][  0]LogPackFactory: Copied "../../../Samples/StarterContent/Content/StarterContent/Particles/Materials/M_Heat_Distortion.uasset" to "C:/Users/Snowb/Documents/Unreal Projects/AKotH/Content/StarterContent/Particles/Materials/M_Heat_Distortion.uasset"
[2018.10.18-12.50.41:831][  0]LogPackFactory: Copied "../../../Samples/StarterContent/Content/StarterContent/Particles/Materials/M_Radial_Gradient.uasset" to "C:/Users/Snowb/Documents/Unreal Projects/AKotH/Content/StarterContent/Particles/Materials/M_Radial_Gradient.uasset"
[2018.10.18-12.50.41:858][  0]LogPackFactory: Copied "../../../Samples/StarterContent/Content/StarterContent/Particles/Materials/M_radial_ramp.uasset" to "C:/Users/Snowb/Documents/Unreal Projects/AKotH/Content/StarterContent/Particles/Materials/M_radial_ramp.uasset"
[2018.10.18-12.50.41:890][  0]LogPackFactory: Copied "../../../Samples/StarterContent/Content/StarterContent/Particles/Materials/M_smoke_subUV.uasset" to "C:/Users/Snowb/Documents/Unreal Projects/AKotH/Content/StarterContent/Particles/Materials/M_smoke_subUV.uasset"
[2018.10.18-12.50.41:913][  0]LogPackFactory: Copied "../../../Samples/StarterContent/Content/StarterContent/Particles/Materials/M_Spark.uasset" to "C:/Users/Snowb/Documents/Unreal Projects/AKotH/Content/StarterContent/Particles/Materials/M_Spark.uasset"
[2018.10.18-12.50.41:946][  0]LogPackFactory: Copied "../../../Samples/StarterContent/Content/StarterContent/Props/MaterialSphere.uasset" to "C:/Users/Snowb/Documents/Unreal Projects/AKotH/Content/StarterContent/Props/MaterialSphere.uasset"
[2018.10.18-12.50.42:004][  0]LogPackFactory: Copied "../../../Samples/StarterContent/Content/StarterContent/Props/SM_Bush.uasset" to "C:/Users/Snowb/Documents/Unreal Projects/AKotH/Content/StarterContent/Props/SM_Bush.uasset"
[2018.10.18-12.50.42:095][  0]LogPackFactory: Copied "../../../Samples/StarterContent/Content/StarterContent/Props/SM_Chair.uasset" to "C:/Users/Snowb/Documents/Unreal Projects/AKotH/Content/StarterContent/Props/SM_Chair.uasset"
[2018.10.18-12.50.42:135][  0]LogPackFactory: Copied "../../../Samples/StarterContent/Content/StarterContent/Props/SM_CornerFrame.uasset" to "C:/Users/Snowb/Documents/Unreal Projects/AKotH/Content/StarterContent/Props/SM_CornerFrame.uasset"
[2018.10.18-12.50.42:173][  0]LogPackFactory: Copied "../../../Samples/StarterContent/Content/StarterContent/Props/SM_Couch.uasset" to "C:/Users/Snowb/Documents/Unreal Projects/AKotH/Content/StarterContent/Props/SM_Couch.uasset"
[2018.10.18-12.50.42:212][  0]LogPackFactory: Copied "../../../Samples/StarterContent/Content/StarterContent/Props/SM_Door.uasset" to "C:/Users/Snowb/Documents/Unreal Projects/AKotH/Content/StarterContent/Props/SM_Door.uasset"
[2018.10.18-12.50.42:233][  0]LogPackFactory: Copied "../../../Samples/StarterContent/Content/StarterContent/Props/SM_DoorFrame.uasset" to "C:/Users/Snowb/Documents/Unreal Projects/AKotH/Content/StarterContent/Props/SM_DoorFrame.uasset"
[2018.10.18-12.50.42:243][  0]LogPackFactory: Copied "../../../Samples/StarterContent/Content/StarterContent/Props/SM_GlassWindow.uasset" to "C:/Users/Snowb/Documents/Unreal Projects/AKotH/Content/StarterContent/Props/SM_GlassWindow.uasset"
[2018.10.18-12.50.42:386][  0]LogPackFactory: Copied "../../../Samples/StarterContent/Content/StarterContent/Props/SM_Lamp_Ceiling.uasset" to "C:/Users/Snowb/Documents/Unreal Projects/AKotH/Content/StarterContent/Props/SM_Lamp_Ceiling.uasset"
[2018.10.18-12.50.42:457][  0]LogPackFactory: Copied "../../../Samples/StarterContent/Content/StarterContent/Props/SM_Lamp_Wall.uasset" to "C:/Users/Snowb/Documents/Unreal Projects/AKotH/Content/StarterContent/Props/SM_Lamp_Wall.uasset"
[2018.10.18-12.50.42:903][  0]LogPackFactory: Copied "../../../Samples/StarterContent/Content/StarterContent/Props/SM_MatPreviewMesh_02.uasset" to "C:/Users/Snowb/Documents/Unreal Projects/AKotH/Content/StarterContent/Props/SM_MatPreviewMesh_02.uasset"
[2018.10.18-12.50.42:982][  0]LogPackFactory: Copied "../../../Samples/StarterContent/Content/StarterContent/Props/SM_PillarFrame.uasset" to "C:/Users/Snowb/Documents/Unreal Projects/AKotH/Content/StarterContent/Props/SM_PillarFrame.uasset"
[2018.10.18-12.50.43:012][  0]LogPackFactory: Copied "../../../Samples/StarterContent/Content/StarterContent/Props/SM_PillarFrame300.uasset" to "C:/Users/Snowb/Documents/Unreal Projects/AKotH/Content/StarterContent/Props/SM_PillarFrame300.uasset"
[2018.10.18-12.50.43:095][  0]LogPackFactory: Copied "../../../Samples/StarterContent/Content/StarterContent/Props/SM_Rock.uasset" to "C:/Users/Snowb/Documents/Unreal Projects/AKotH/Content/StarterContent/Props/SM_Rock.uasset"
[2018.10.18-12.50.43:124][  0]LogPackFactory: Copied "../../../Samples/StarterContent/Content/StarterContent/Props/SM_Shelf.uasset" to "C:/Users/Snowb/Documents/Unreal Projects/AKotH/Content/StarterContent/Props/SM_Shelf.uasset"
[2018.10.18-12.50.43:168][  0]LogPackFactory: Copied "../../../Samples/StarterContent/Content/StarterContent/Props/SM_Stairs.uasset" to "C:/Users/Snowb/Documents/Unreal Projects/AKotH/Content/StarterContent/Props/SM_Stairs.uasset"
[2018.10.18-12.50.43:210][  0]LogPackFactory: Copied "../../../Samples/StarterContent/Content/StarterContent/Props/SM_Statue.uasset" to "C:/Users/Snowb/Documents/Unreal Projects/AKotH/Content/StarterContent/Props/SM_Statue.uasset"
[2018.10.18-12.50.43:316][  0]LogPackFactory: Copied "../../../Samples/StarterContent/Content/StarterContent/Props/SM_TableRound.uasset" to "C:/Users/Snowb/Documents/Unreal Projects/AKotH/Content/StarterContent/Props/SM_TableRound.uasset"
[2018.10.18-12.50.43:353][  0]LogPackFactory: Copied "../../../Samples/StarterContent/Content/StarterContent/Props/SM_WindowFrame.uasset" to "C:/Users/Snowb/Documents/Unreal Projects/AKotH/Content/StarterContent/Props/SM_WindowFrame.uasset"
[2018.10.18-12.50.43:383][  0]LogPackFactory: Copied "../../../Samples/StarterContent/Content/StarterContent/Props/Materials/M_Bush.uasset" to "C:/Users/Snowb/Documents/Unreal Projects/AKotH/Content/StarterContent/Props/Materials/M_Bush.uasset"
[2018.10.18-12.50.43:399][  0]LogPackFactory: Copied "../../../Samples/StarterContent/Content/StarterContent/Props/Materials/M_Chair.uasset" to "C:/Users/Snowb/Documents/Unreal Projects/AKotH/Content/StarterContent/Props/Materials/M_Chair.uasset"
[2018.10.18-12.50.43:422][  0]LogPackFactory: Copied "../../../Samples/StarterContent/Content/StarterContent/Props/Materials/M_Door.uasset" to "C:/Users/Snowb/Documents/Unreal Projects/AKotH/Content/StarterContent/Props/Materials/M_Door.uasset"
[2018.10.18-12.50.43:430][  0]LogPackFactory: Copied "../../../Samples/StarterContent/Content/StarterContent/Props/Materials/M_Frame.uasset" to "C:/Users/Snowb/Documents/Unreal Projects/AKotH/Content/StarterContent/Props/Materials/M_Frame.uasset"
[2018.10.18-12.50.43:477][  0]LogPackFactory: Copied "../../../Samples/StarterContent/Content/StarterContent/Props/Materials/M_Lamp.uasset" to "C:/Users/Snowb/Documents/Unreal Projects/AKotH/Content/StarterContent/Props/Materials/M_Lamp.uasset"
[2018.10.18-12.50.43:508][  0]LogPackFactory: Copied "../../../Samples/StarterContent/Content/StarterContent/Props/Materials/M_MaterialSphere.uasset" to "C:/Users/Snowb/Documents/Unreal Projects/AKotH/Content/StarterContent/Props/Materials/M_MaterialSphere.uasset"
[2018.10.18-12.50.43:525][  0]LogPackFactory: Copied "../../../Samples/StarterContent/Content/StarterContent/Props/Materials/M_MaterialSphere_Plain.uasset" to "C:/Users/Snowb/Documents/Unreal Projects/AKotH/Content/StarterContent/Props/Materials/M_MaterialSphere_Plain.uasset"
[2018.10.18-12.50.43:538][  0]LogPackFactory: Copied "../../../Samples/StarterContent/Content/StarterContent/Props/Materials/M_Rock.uasset" to "C:/Users/Snowb/Documents/Unreal Projects/AKotH/Content/StarterContent/Props/Materials/M_Rock.uasset"
[2018.10.18-12.50.43:563][  0]LogPackFactory: Copied "../../../Samples/StarterContent/Content/StarterContent/Props/Materials/M_Shelf.uasset" to "C:/Users/Snowb/Documents/Unreal Projects/AKotH/Content/StarterContent/Props/Materials/M_Shelf.uasset"
[2018.10.18-12.50.43:584][  0]LogPackFactory: Copied "../../../Samples/StarterContent/Content/StarterContent/Props/Materials/M_Statue.uasset" to "C:/Users/Snowb/Documents/Unreal Projects/AKotH/Content/StarterContent/Props/Materials/M_Statue.uasset"
[2018.10.18-12.50.43:607][  0]LogPackFactory: Copied "../../../Samples/StarterContent/Content/StarterContent/Props/Materials/M_StatueGlass.uasset" to "C:/Users/Snowb/Documents/Unreal Projects/AKotH/Content/StarterContent/Props/Materials/M_StatueGlass.uasset"
[2018.10.18-12.50.43:635][  0]LogPackFactory: Copied "../../../Samples/StarterContent/Content/StarterContent/Props/Materials/M_TableRound.uasset" to "C:/Users/Snowb/Documents/Unreal Projects/AKotH/Content/StarterContent/Props/Materials/M_TableRound.uasset"
[2018.10.18-12.50.43:642][  0]LogPackFactory: Copied "../../../Samples/StarterContent/Content/StarterContent/Shapes/Shape_Cone.uasset" to "C:/Users/Snowb/Documents/Unreal Projects/AKotH/Content/StarterContent/Shapes/Shape_Cone.uasset"
[2018.10.18-12.50.43:662][  0]LogPackFactory: Copied "../../../Samples/StarterContent/Content/StarterContent/Shapes/Shape_Cube.uasset" to "C:/Users/Snowb/Documents/Unreal Projects/AKotH/Content/StarterContent/Shapes/Shape_Cube.uasset"
[2018.10.18-12.50.43:691][  0]LogPackFactory: Copied "../../../Samples/StarterContent/Content/StarterContent/Shapes/Shape_Cylinder.uasset" to "C:/Users/Snowb/Documents/Unreal Projects/AKotH/Content/StarterContent/Shapes/Shape_Cylinder.uasset"
[2018.10.18-12.50.43:734][  0]LogPackFactory: Copied "../../../Samples/StarterContent/Content/StarterContent/Shapes/Shape_NarrowCapsule.uasset" to "C:/Users/Snowb/Documents/Unreal Projects/AKotH/Content/StarterContent/Shapes/Shape_NarrowCapsule.uasset"
[2018.10.18-12.50.43:769][  0]LogPackFactory: Copied "../../../Samples/StarterContent/Content/StarterContent/Shapes/Shape_Pipe.uasset" to "C:/Users/Snowb/Documents/Unreal Projects/AKotH/Content/StarterContent/Shapes/Shape_Pipe.uasset"
[2018.10.18-12.50.43:815][  0]LogPackFactory: Copied "../../../Samples/StarterContent/Content/StarterContent/Shapes/Shape_Pipe_180.uasset" to "C:/Users/Snowb/Documents/Unreal Projects/AKotH/Content/StarterContent/Shapes/Shape_Pipe_180.uasset"
[2018.10.18-12.50.43:863][  0]LogPackFactory: Copied "../../../Samples/StarterContent/Content/StarterContent/Shapes/Shape_Pipe_90.uasset" to "C:/Users/Snowb/Documents/Unreal Projects/AKotH/Content/StarterContent/Shapes/Shape_Pipe_90.uasset"
[2018.10.18-12.50.43:887][  0]LogPackFactory: Copied "../../../Samples/StarterContent/Content/StarterContent/Shapes/Shape_Plane.uasset" to "C:/Users/Snowb/Documents/Unreal Projects/AKotH/Content/StarterContent/Shapes/Shape_Plane.uasset"
[2018.10.18-12.50.43:985][  0]LogPackFactory: Copied "../../../Samples/StarterContent/Content/StarterContent/Shapes/Shape_QuadPyramid.uasset" to "C:/Users/Snowb/Documents/Unreal Projects/AKotH/Content/StarterContent/Shapes/Shape_QuadPyramid.uasset"
[2018.10.18-12.50.44:023][  0]LogPackFactory: Copied "../../../Samples/StarterContent/Content/StarterContent/Shapes/Shape_Sphere.uasset" to "C:/Users/Snowb/Documents/Unreal Projects/AKotH/Content/StarterContent/Shapes/Shape_Sphere.uasset"
[2018.10.18-12.50.44:050][  0]LogPackFactory: Copied "../../../Samples/StarterContent/Content/StarterContent/Shapes/Shape_Torus.uasset" to "C:/Users/Snowb/Documents/Unreal Projects/AKotH/Content/StarterContent/Shapes/Shape_Torus.uasset"
[2018.10.18-12.50.44:095][  0]LogPackFactory: Copied "../../../Samples/StarterContent/Content/StarterContent/Shapes/Shape_Trim.uasset" to "C:/Users/Snowb/Documents/Unreal Projects/AKotH/Content/StarterContent/Shapes/Shape_Trim.uasset"
[2018.10.18-12.50.44:117][  0]LogPackFactory: Copied "../../../Samples/StarterContent/Content/StarterContent/Shapes/Shape_Trim_90_In.uasset" to "C:/Users/Snowb/Documents/Unreal Projects/AKotH/Content/StarterContent/Shapes/Shape_Trim_90_In.uasset"
[2018.10.18-12.50.44:150][  0]LogPackFactory: Copied "../../../Samples/StarterContent/Content/StarterContent/Shapes/Shape_Trim_90_Out.uasset" to "C:/Users/Snowb/Documents/Unreal Projects/AKotH/Content/StarterContent/Shapes/Shape_Trim_90_Out.uasset"
[2018.10.18-12.50.44:191][  0]LogPackFactory: Copied "../../../Samples/StarterContent/Content/StarterContent/Shapes/Shape_TriPyramid.uasset" to "C:/Users/Snowb/Documents/Unreal Projects/AKotH/Content/StarterContent/Shapes/Shape_TriPyramid.uasset"
[2018.10.18-12.50.44:275][  0]LogPackFactory: Copied "../../../Samples/StarterContent/Content/StarterContent/Shapes/Shape_Tube.uasset" to "C:/Users/Snowb/Documents/Unreal Projects/AKotH/Content/StarterContent/Shapes/Shape_Tube.uasset"
[2018.10.18-12.50.44:303][  0]LogPackFactory: Copied "../../../Samples/StarterContent/Content/StarterContent/Shapes/Shape_Wedge_A.uasset" to "C:/Users/Snowb/Documents/Unreal Projects/AKotH/Content/StarterContent/Shapes/Shape_Wedge_A.uasset"
[2018.10.18-12.50.44:331][  0]LogPackFactory: Copied "../../../Samples/StarterContent/Content/StarterContent/Shapes/Shape_Wedge_B.uasset" to "C:/Users/Snowb/Documents/Unreal Projects/AKotH/Content/StarterContent/Shapes/Shape_Wedge_B.uasset"
[2018.10.18-12.50.44:412][  0]LogPackFactory: Copied "../../../Samples/StarterContent/Content/StarterContent/Shapes/Shape_WideCapsule.uasset" to "C:/Users/Snowb/Documents/Unreal Projects/AKotH/Content/StarterContent/Shapes/Shape_WideCapsule.uasset"
[2018.10.18-12.50.45:916][  0]LogPackFactory: Copied "../../../Samples/StarterContent/Content/StarterContent/Textures/T_Brick_Clay_Beveled_D.uasset" to "C:/Users/Snowb/Documents/Unreal Projects/AKotH/Content/StarterContent/Textures/T_Brick_Clay_Beveled_D.uasset"
[2018.10.18-12.50.47:498][  0]LogPackFactory: Copied "../../../Samples/StarterContent/Content/StarterContent/Textures/T_Brick_Clay_Beveled_M.uasset" to "C:/Users/Snowb/Documents/Unreal Projects/AKotH/Content/StarterContent/Textures/T_Brick_Clay_Beveled_M.uasset"
[2018.10.18-12.50.49:100][  0]LogPackFactory: Copied "../../../Samples/StarterContent/Content/StarterContent/Textures/T_Brick_Clay_Beveled_N.uasset" to "C:/Users/Snowb/Documents/Unreal Projects/AKotH/Content/StarterContent/Textures/T_Brick_Clay_Beveled_N.uasset"
[2018.10.18-12.50.50:169][  0]LogPackFactory: Copied "../../../Samples/StarterContent/Content/StarterContent/Textures/T_Brick_Clay_New_D.uasset" to "C:/Users/Snowb/Documents/Unreal Projects/AKotH/Content/StarterContent/Textures/T_Brick_Clay_New_D.uasset"
[2018.10.18-12.50.51:086][  0]LogPackFactory: Copied "../../../Samples/StarterContent/Content/StarterContent/Textures/T_Brick_Clay_New_M.uasset" to "C:/Users/Snowb/Documents/Unreal Projects/AKotH/Content/StarterContent/Textures/T_Brick_Clay_New_M.uasset"
[2018.10.18-12.50.51:428][  0]LogPackFactory: Copied "../../../Samples/StarterContent/Content/StarterContent/Textures/T_Brick_Clay_New_N.uasset" to "C:/Users/Snowb/Documents/Unreal Projects/AKotH/Content/StarterContent/Textures/T_Brick_Clay_New_N.uasset"
[2018.10.18-12.50.51:595][  0]LogPackFactory: Copied "../../../Samples/StarterContent/Content/StarterContent/Textures/T_Brick_Clay_Old_D.uasset" to "C:/Users/Snowb/Documents/Unreal Projects/AKotH/Content/StarterContent/Textures/T_Brick_Clay_Old_D.uasset"
[2018.10.18-12.50.51:723][  0]LogPackFactory: Copied "../../../Samples/StarterContent/Content/StarterContent/Textures/T_Brick_Clay_Old_N.uasset" to "C:/Users/Snowb/Documents/Unreal Projects/AKotH/Content/StarterContent/Textures/T_Brick_Clay_Old_N.uasset"
[2018.10.18-12.50.51:915][  0]LogPackFactory: Copied "../../../Samples/StarterContent/Content/StarterContent/Textures/T_Brick_Cut_Stone_D.uasset" to "C:/Users/Snowb/Documents/Unreal Projects/AKotH/Content/StarterContent/Textures/T_Brick_Cut_Stone_D.uasset"
[2018.10.18-12.50.52:051][  0]LogPackFactory: Copied "../../../Samples/StarterContent/Content/StarterContent/Textures/T_Brick_Cut_Stone_N.uasset" to "C:/Users/Snowb/Documents/Unreal Projects/AKotH/Content/StarterContent/Textures/T_Brick_Cut_Stone_N.uasset"
[2018.10.18-12.50.52:153][  0]LogPackFactory: Copied "../../../Samples/StarterContent/Content/StarterContent/Textures/T_Brick_Hewn_Stone_D.uasset" to "C:/Users/Snowb/Documents/Unreal Projects/AKotH/Content/StarterContent/Textures/T_Brick_Hewn_Stone_D.uasset"
[2018.10.18-12.50.52:280][  0]LogPackFactory: Copied "../../../Samples/StarterContent/Content/StarterContent/Textures/T_Brick_Hewn_Stone_M.uasset" to "C:/Users/Snowb/Documents/Unreal Projects/AKotH/Content/StarterContent/Textures/T_Brick_Hewn_Stone_M.uasset"
[2018.10.18-12.50.52:416][  0]LogPackFactory: Copied "../../../Samples/StarterContent/Content/StarterContent/Textures/T_Brick_Hewn_Stone_N.uasset" to "C:/Users/Snowb/Documents/Unreal Projects/AKotH/Content/StarterContent/Textures/T_Brick_Hewn_Stone_N.uasset"
[2018.10.18-12.50.52:432][  0]LogPackFactory: Copied "../../../Samples/StarterContent/Content/StarterContent/Textures/T_Burst_M.uasset" to "C:/Users/Snowb/Documents/Unreal Projects/AKotH/Content/StarterContent/Textures/T_Burst_M.uasset"
[2018.10.18-12.50.52:447][  0]LogPackFactory: Copied "../../../Samples/StarterContent/Content/StarterContent/Textures/T_Bush_D.uasset" to "C:/Users/Snowb/Documents/Unreal Projects/AKotH/Content/StarterContent/Textures/T_Bush_D.uasset"
[2018.10.18-12.50.52:483][  0]LogPackFactory: Copied "../../../Samples/StarterContent/Content/StarterContent/Textures/T_Bush_N.uasset" to "C:/Users/Snowb/Documents/Unreal Projects/AKotH/Content/StarterContent/Textures/T_Bush_N.uasset"
[2018.10.18-12.50.52:516][  0]LogPackFactory: Copied "../../../Samples/StarterContent/Content/StarterContent/Textures/T_Ceramic_Tile_M.uasset" to "C:/Users/Snowb/Documents/Unreal Projects/AKotH/Content/StarterContent/Textures/T_Ceramic_Tile_M.uasset"
[2018.10.18-12.50.52:524][  0]LogPackFactory: Copied "../../../Samples/StarterContent/Content/StarterContent/Textures/T_Ceramic_Tile_N.uasset" to "C:/Users/Snowb/Documents/Unreal Projects/AKotH/Content/StarterContent/Textures/T_Ceramic_Tile_N.uasset"
[2018.10.18-12.50.52:558][  0]LogPackFactory: Copied "../../../Samples/StarterContent/Content/StarterContent/Textures/T_Chair_M.uasset" to "C:/Users/Snowb/Documents/Unreal Projects/AKotH/Content/StarterContent/Textures/T_Chair_M.uasset"
[2018.10.18-12.50.52:597][  0]LogPackFactory: Copied "../../../Samples/StarterContent/Content/StarterContent/Textures/T_Chair_N.uasset" to "C:/Users/Snowb/Documents/Unreal Projects/AKotH/Content/StarterContent/Textures/T_Chair_N.uasset"
[2018.10.18-12.50.52:623][  0]LogPackFactory: Copied "../../../Samples/StarterContent/Content/StarterContent/Textures/T_Checker_Noise_M.uasset" to "C:/Users/Snowb/Documents/Unreal Projects/AKotH/Content/StarterContent/Textures/T_Checker_Noise_M.uasset"
[2018.10.18-12.50.52:756][  0]LogPackFactory: Copied "../../../Samples/StarterContent/Content/StarterContent/Textures/T_CobbleStone_Pebble_D.uasset" to "C:/Users/Snowb/Documents/Unreal Projects/AKotH/Content/StarterContent/Textures/T_CobbleStone_Pebble_D.uasset"
[2018.10.18-12.50.52:810][  0]LogPackFactory: Copied "../../../Samples/StarterContent/Content/StarterContent/Textures/T_CobbleStone_Pebble_M.uasset" to "C:/Users/Snowb/Documents/Unreal Projects/AKotH/Content/StarterContent/Textures/T_CobbleStone_Pebble_M.uasset"
[2018.10.18-12.50.52:953][  0]LogPackFactory: Copied "../../../Samples/StarterContent/Content/StarterContent/Textures/T_CobbleStone_Pebble_N.uasset" to "C:/Users/Snowb/Documents/Unreal Projects/AKotH/Content/StarterContent/Textures/T_CobbleStone_Pebble_N.uasset"
[2018.10.18-12.50.53:052][  0]LogPackFactory: Copied "../../../Samples/StarterContent/Content/StarterContent/Textures/T_CobbleStone_Rough_D.uasset" to "C:/Users/Snowb/Documents/Unreal Projects/AKotH/Content/StarterContent/Textures/T_CobbleStone_Rough_D.uasset"
[2018.10.18-12.50.53:086][  0]LogPackFactory: Copied "../../../Samples/StarterContent/Content/StarterContent/Textures/T_CobbleStone_Rough_N.uasset" to "C:/Users/Snowb/Documents/Unreal Projects/AKotH/Content/StarterContent/Textures/T_CobbleStone_Rough_N.uasset"
[2018.10.18-12.50.53:177][  0]LogPackFactory: Copied "../../../Samples/StarterContent/Content/StarterContent/Textures/T_CobbleStone_Smooth_D.uasset" to "C:/Users/Snowb/Documents/Unreal Projects/AKotH/Content/StarterContent/Textures/T_CobbleStone_Smooth_D.uasset"
[2018.10.18-12.50.53:249][  0]LogPackFactory: Copied "../../../Samples/StarterContent/Content/StarterContent/Textures/T_CobbleStone_Smooth_M.uasset" to "C:/Users/Snowb/Documents/Unreal Projects/AKotH/Content/StarterContent/Textures/T_CobbleStone_Smooth_M.uasset"
[2018.10.18-12.50.53:387][  0]LogPackFactory: Copied "../../../Samples/StarterContent/Content/StarterContent/Textures/T_CobbleStone_Smooth_N.uasset" to "C:/Users/Snowb/Documents/Unreal Projects/AKotH/Content/StarterContent/Textures/T_CobbleStone_Smooth_N.uasset"
[2018.10.18-12.50.53:507][  0]LogPackFactory: Copied "../../../Samples/StarterContent/Content/StarterContent/Textures/T_Concrete_Grime_D.uasset" to "C:/Users/Snowb/Documents/Unreal Projects/AKotH/Content/StarterContent/Textures/T_Concrete_Grime_D.uasset"
[2018.10.18-12.50.53:653][  0]LogPackFactory: Copied "../../../Samples/StarterContent/Content/StarterContent/Textures/T_Concrete_Panels_D.uasset" to "C:/Users/Snowb/Documents/Unreal Projects/AKotH/Content/StarterContent/Textures/T_Concrete_Panels_D.uasset"
[2018.10.18-12.50.53:798][  0]LogPackFactory: Copied "../../../Samples/StarterContent/Content/StarterContent/Textures/T_Concrete_Panels_N.uasset" to "C:/Users/Snowb/Documents/Unreal Projects/AKotH/Content/StarterContent/Textures/T_Concrete_Panels_N.uasset"
[2018.10.18-12.50.53:926][  0]LogPackFactory: Copied "../../../Samples/StarterContent/Content/StarterContent/Textures/T_Concrete_Poured_D.uasset" to "C:/Users/Snowb/Documents/Unreal Projects/AKotH/Content/StarterContent/Textures/T_Concrete_Poured_D.uasset"
[2018.10.18-12.50.54:092][  0]LogPackFactory: Copied "../../../Samples/StarterContent/Content/StarterContent/Textures/T_Concrete_Poured_N.uasset" to "C:/Users/Snowb/Documents/Unreal Projects/AKotH/Content/StarterContent/Textures/T_Concrete_Poured_N.uasset"
[2018.10.18-12.50.54:153][  0]LogPackFactory: Copied "../../../Samples/StarterContent/Content/StarterContent/Textures/T_Concrete_Tiles_D.uasset" to "C:/Users/Snowb/Documents/Unreal Projects/AKotH/Content/StarterContent/Textures/T_Concrete_Tiles_D.uasset"
[2018.10.18-12.50.54:225][  0]LogPackFactory: Copied "../../../Samples/StarterContent/Content/StarterContent/Textures/T_Concrete_Tiles_M.uasset" to "C:/Users/Snowb/Documents/Unreal Projects/AKotH/Content/StarterContent/Textures/T_Concrete_Tiles_M.uasset"
[2018.10.18-12.50.54:315][  0]LogPackFactory: Copied "../../../Samples/StarterContent/Content/StarterContent/Textures/T_Concrete_Tiles_N.uasset" to "C:/Users/Snowb/Documents/Unreal Projects/AKotH/Content/StarterContent/Textures/T_Concrete_Tiles_N.uasset"
[2018.10.18-12.50.54:322][  0]LogPackFactory: Copied "../../../Samples/StarterContent/Content/StarterContent/Textures/T_Concrete_Tiles_Variation_M.uasset" to "C:/Users/Snowb/Documents/Unreal Projects/AKotH/Content/StarterContent/Textures/T_Concrete_Tiles_Variation_M.uasset"
[2018.10.18-12.50.54:368][  0]LogPackFactory: Copied "../../../Samples/StarterContent/Content/StarterContent/Textures/T_Detail_Rocky_N.uasset" to "C:/Users/Snowb/Documents/Unreal Projects/AKotH/Content/StarterContent/Textures/T_Detail_Rocky_N.uasset"
[2018.10.18-12.50.54:378][  0]LogPackFactory: Copied "../../../Samples/StarterContent/Content/StarterContent/Textures/T_Door_M.uasset" to "C:/Users/Snowb/Documents/Unreal Projects/AKotH/Content/StarterContent/Textures/T_Door_M.uasset"
[2018.10.18-12.50.54:424][  0]LogPackFactory: Copied "../../../Samples/StarterContent/Content/StarterContent/Textures/T_Door_N.uasset" to "C:/Users/Snowb/Documents/Unreal Projects/AKotH/Content/StarterContent/Textures/T_Door_N.uasset"
[2018.10.18-12.50.54:429][  0]LogPackFactory: Copied "../../../Samples/StarterContent/Content/StarterContent/Textures/T_Dust_Particle_D.uasset" to "C:/Users/Snowb/Documents/Unreal Projects/AKotH/Content/StarterContent/Textures/T_Dust_Particle_D.uasset"
[2018.10.18-12.50.54:481][  0]LogPackFactory: Copied "../../../Samples/StarterContent/Content/StarterContent/Textures/T_Explosion_SubUV.uasset" to "C:/Users/Snowb/Documents/Unreal Projects/AKotH/Content/StarterContent/Textures/T_Explosion_SubUV.uasset"
[2018.10.18-12.50.54:496][  0]LogPackFactory: Copied "../../../Samples/StarterContent/Content/StarterContent/Textures/T_Fire_SubUV.uasset" to "C:/Users/Snowb/Documents/Unreal Projects/AKotH/Content/StarterContent/Textures/T_Fire_SubUV.uasset"
[2018.10.18-12.50.54:527][  0]LogPackFactory: Copied "../../../Samples/StarterContent/Content/StarterContent/Textures/T_Fire_Tiled_D.uasset" to "C:/Users/Snowb/Documents/Unreal Projects/AKotH/Content/StarterContent/Textures/T_Fire_Tiled_D.uasset"
[2018.10.18-12.50.54:536][  0]LogPackFactory: Copied "../../../Samples/StarterContent/Content/StarterContent/Textures/T_Frame_M.uasset" to "C:/Users/Snowb/Documents/Unreal Projects/AKotH/Content/StarterContent/Textures/T_Frame_M.uasset"
[2018.10.18-12.50.54:565][  0]LogPackFactory: Copied "../../../Samples/StarterContent/Content/StarterContent/Textures/T_Frame_N.uasset" to "C:/Users/Snowb/Documents/Unreal Projects/AKotH/Content/StarterContent/Textures/T_Frame_N.uasset"
[2018.10.18-12.50.54:595][  0]LogPackFactory: Copied "../../../Samples/StarterContent/Content/StarterContent/Textures/T_Gradinet_01.uasset" to "C:/Users/Snowb/Documents/Unreal Projects/AKotH/Content/StarterContent/Textures/T_Gradinet_01.uasset"
[2018.10.18-12.50.54:732][  0]LogPackFactory: Copied "../../../Samples/StarterContent/Content/StarterContent/Textures/T_Ground_Grass_D.uasset" to "C:/Users/Snowb/Documents/Unreal Projects/AKotH/Content/StarterContent/Textures/T_Ground_Grass_D.uasset"
[2018.10.18-12.50.54:892][  0]LogPackFactory: Copied "../../../Samples/StarterContent/Content/StarterContent/Textures/T_Ground_Grass_N.uasset" to "C:/Users/Snowb/Documents/Unreal Projects/AKotH/Content/StarterContent/Textures/T_Ground_Grass_N.uasset"
[2018.10.18-12.50.55:284][  0]LogPackFactory: Copied "../../../Samples/StarterContent/Content/StarterContent/Textures/T_Ground_Gravel_D.uasset" to "C:/Users/Snowb/Documents/Unreal Projects/AKotH/Content/StarterContent/Textures/T_Ground_Gravel_D.uasset"
[2018.10.18-12.50.55:411][  0]LogPackFactory: Copied "../../../Samples/StarterContent/Content/StarterContent/Textures/T_Ground_Gravel_N.uasset" to "C:/Users/Snowb/Documents/Unreal Projects/AKotH/Content/StarterContent/Textures/T_Ground_Gravel_N.uasset"
[2018.10.18-12.50.55:577][  0]LogPackFactory: Copied "../../../Samples/StarterContent/Content/StarterContent/Textures/T_ground_Moss_D.uasset" to "C:/Users/Snowb/Documents/Unreal Projects/AKotH/Content/StarterContent/Textures/T_ground_Moss_D.uasset"
[2018.10.18-12.50.55:741][  0]LogPackFactory: Copied "../../../Samples/StarterContent/Content/StarterContent/Textures/T_Ground_Moss_N.uasset" to "C:/Users/Snowb/Documents/Unreal Projects/AKotH/Content/StarterContent/Textures/T_Ground_Moss_N.uasset"
[2018.10.18-12.50.55:821][  0]LogPackFactory: Copied "../../../Samples/StarterContent/Content/StarterContent/Textures/T_Lamp_M.uasset" to "C:/Users/Snowb/Documents/Unreal Projects/AKotH/Content/StarterContent/Textures/T_Lamp_M.uasset"
[2018.10.18-12.50.55:869][  0]LogPackFactory: Copied "../../../Samples/StarterContent/Content/StarterContent/Textures/T_Lamp_N.uasset" to "C:/Users/Snowb/Documents/Unreal Projects/AKotH/Content/StarterContent/Textures/T_Lamp_N.uasset"
[2018.10.18-12.50.56:037][  0]LogPackFactory: Copied "../../../Samples/StarterContent/Content/StarterContent/Textures/T_MacroVariation.uasset" to "C:/Users/Snowb/Documents/Unreal Projects/AKotH/Content/StarterContent/Textures/T_MacroVariation.uasset"
[2018.10.18-12.50.56:209][  0]LogPackFactory: Copied "../../../Samples/StarterContent/Content/StarterContent/Textures/T_Metal_Aluminum_D.uasset" to "C:/Users/Snowb/Documents/Unreal Projects/AKotH/Content/StarterContent/Textures/T_Metal_Aluminum_D.uasset"
[2018.10.18-12.50.56:380][  0]LogPackFactory: Copied "../../../Samples/StarterContent/Content/StarterContent/Textures/T_Metal_Copper_D.uasset" to "C:/Users/Snowb/Documents/Unreal Projects/AKotH/Content/StarterContent/Textures/T_Metal_Copper_D.uasset"
[2018.10.18-12.50.56:526][  0]LogPackFactory: Copied "../../../Samples/StarterContent/Content/StarterContent/Textures/T_Metal_Gold_D.uasset" to "C:/Users/Snowb/Documents/Unreal Projects/AKotH/Content/StarterContent/Textures/T_Metal_Gold_D.uasset"
[2018.10.18-12.50.56:597][  0]LogPackFactory: Copied "../../../Samples/StarterContent/Content/StarterContent/Textures/T_Metal_Gold_N.uasset" to "C:/Users/Snowb/Documents/Unreal Projects/AKotH/Content/StarterContent/Textures/T_Metal_Gold_N.uasset"
[2018.10.18-12.50.56:721][  0]LogPackFactory: Copied "../../../Samples/StarterContent/Content/StarterContent/Textures/T_Metal_Rust_D.uasset" to "C:/Users/Snowb/Documents/Unreal Projects/AKotH/Content/StarterContent/Textures/T_Metal_Rust_D.uasset"
[2018.10.18-12.50.56:854][  0]LogPackFactory: Copied "../../../Samples/StarterContent/Content/StarterContent/Textures/T_Metal_Rust_N.uasset" to "C:/Users/Snowb/Documents/Unreal Projects/AKotH/Content/StarterContent/Textures/T_Metal_Rust_N.uasset"
[2018.10.18-12.50.56:924][  0]LogPackFactory: Copied "../../../Samples/StarterContent/Content/StarterContent/Textures/T_Metal_Steel_D.uasset" to "C:/Users/Snowb/Documents/Unreal Projects/AKotH/Content/StarterContent/Textures/T_Metal_Steel_D.uasset"
[2018.10.18-12.50.57:012][  0]LogPackFactory: Copied "../../../Samples/StarterContent/Content/StarterContent/Textures/T_Metal_Steel_N.uasset" to "C:/Users/Snowb/Documents/Unreal Projects/AKotH/Content/StarterContent/Textures/T_Metal_Steel_N.uasset"
[2018.10.18-12.50.57:117][  0]LogPackFactory: Copied "../../../Samples/StarterContent/Content/StarterContent/Textures/T_Perlin_Noise_M.uasset" to "C:/Users/Snowb/Documents/Unreal Projects/AKotH/Content/StarterContent/Textures/T_Perlin_Noise_M.uasset"
[2018.10.18-12.50.57:194][  0]LogPackFactory: Copied "../../../Samples/StarterContent/Content/StarterContent/Textures/T_RockMesh_M.uasset" to "C:/Users/Snowb/Documents/Unreal Projects/AKotH/Content/StarterContent/Textures/T_RockMesh_M.uasset"
[2018.10.18-12.50.57:297][  0]LogPackFactory: Copied "../../../Samples/StarterContent/Content/StarterContent/Textures/T_RockMesh_N.uasset" to "C:/Users/Snowb/Documents/Unreal Projects/AKotH/Content/StarterContent/Textures/T_RockMesh_N.uasset"
[2018.10.18-12.50.57:448][  0]LogPackFactory: Copied "../../../Samples/StarterContent/Content/StarterContent/Textures/T_Rock_Basalt_D.uasset" to "C:/Users/Snowb/Documents/Unreal Projects/AKotH/Content/StarterContent/Textures/T_Rock_Basalt_D.uasset"
[2018.10.18-12.50.57:602][  0]LogPackFactory: Copied "../../../Samples/StarterContent/Content/StarterContent/Textures/T_Rock_Basalt_N.uasset" to "C:/Users/Snowb/Documents/Unreal Projects/AKotH/Content/StarterContent/Textures/T_Rock_Basalt_N.uasset"
[2018.10.18-12.50.57:679][  0]LogPackFactory: Copied "../../../Samples/StarterContent/Content/StarterContent/Textures/T_Rock_Marble_Polished_D.uasset" to "C:/Users/Snowb/Documents/Unreal Projects/AKotH/Content/StarterContent/Textures/T_Rock_Marble_Polished_D.uasset"
[2018.10.18-12.50.57:815][  0]LogPackFactory: Copied "../../../Samples/StarterContent/Content/StarterContent/Textures/T_Rock_Sandstone_D.uasset" to "C:/Users/Snowb/Documents/Unreal Projects/AKotH/Content/StarterContent/Textures/T_Rock_Sandstone_D.uasset"
[2018.10.18-12.50.57:968][  0]LogPackFactory: Copied "../../../Samples/StarterContent/Content/StarterContent/Textures/T_Rock_Sandstone_N.uasset" to "C:/Users/Snowb/Documents/Unreal Projects/AKotH/Content/StarterContent/Textures/T_Rock_Sandstone_N.uasset"
[2018.10.18-12.50.58:177][  0]LogPackFactory: Copied "../../../Samples/StarterContent/Content/StarterContent/Textures/T_Rock_Slate_D.uasset" to "C:/Users/Snowb/Documents/Unreal Projects/AKotH/Content/StarterContent/Textures/T_Rock_Slate_D.uasset"
[2018.10.18-12.50.58:332][  0]LogPackFactory: Copied "../../../Samples/StarterContent/Content/StarterContent/Textures/T_Rock_Slate_N.uasset" to "C:/Users/Snowb/Documents/Unreal Projects/AKotH/Content/StarterContent/Textures/T_Rock_Slate_N.uasset"
[2018.10.18-12.50.58:652][  0]LogPackFactory: Copied "../../../Samples/StarterContent/Content/StarterContent/Textures/T_Rock_Smooth_Granite_D.uasset" to "C:/Users/Snowb/Documents/Unreal Projects/AKotH/Content/StarterContent/Textures/T_Rock_Smooth_Granite_D.uasset"
[2018.10.18-12.50.58:707][  0]LogPackFactory: Copied "../../../Samples/StarterContent/Content/StarterContent/Textures/T_Shelf_M.uasset" to "C:/Users/Snowb/Documents/Unreal Projects/AKotH/Content/StarterContent/Textures/T_Shelf_M.uasset"
[2018.10.18-12.50.58:745][  0]LogPackFactory: Copied "../../../Samples/StarterContent/Content/StarterContent/Textures/T_Shelf_N.uasset" to "C:/Users/Snowb/Documents/Unreal Projects/AKotH/Content/StarterContent/Textures/T_Shelf_N.uasset"
[2018.10.18-12.50.58:767][  0]LogPackFactory: Copied "../../../Samples/StarterContent/Content/StarterContent/Textures/T_Single_Tile_N.uasset" to "C:/Users/Snowb/Documents/Unreal Projects/AKotH/Content/StarterContent/Textures/T_Single_Tile_N.uasset"
[2018.10.18-12.50.58:812][  0]LogPackFactory: Copied "../../../Samples/StarterContent/Content/StarterContent/Textures/T_Smoke_SubUV.uasset" to "C:/Users/Snowb/Documents/Unreal Projects/AKotH/Content/StarterContent/Textures/T_Smoke_SubUV.uasset"
[2018.10.18-12.50.58:821][  0]LogPackFactory: Copied "../../../Samples/StarterContent/Content/StarterContent/Textures/T_Smoke_Tiled_D.uasset" to "C:/Users/Snowb/Documents/Unreal Projects/AKotH/Content/StarterContent/Textures/T_Smoke_Tiled_D.uasset"
[2018.10.18-12.50.58:844][  0]LogPackFactory: Copied "../../../Samples/StarterContent/Content/StarterContent/Textures/T_Spark_Core.uasset" to "C:/Users/Snowb/Documents/Unreal Projects/AKotH/Content/StarterContent/Textures/T_Spark_Core.uasset"
[2018.10.18-12.50.58:874][  0]LogPackFactory: Copied "../../../Samples/StarterContent/Content/StarterContent/Textures/T_Statue_M.uasset" to "C:/Users/Snowb/Documents/Unreal Projects/AKotH/Content/StarterContent/Textures/T_Statue_M.uasset"
[2018.10.18-12.50.58:885][  0]LogPackFactory: Copied "../../../Samples/StarterContent/Content/StarterContent/Textures/T_Statue_N.uasset" to "C:/Users/Snowb/Documents/Unreal Projects/AKotH/Content/StarterContent/Textures/T_Statue_N.uasset"
[2018.10.18-12.50.58:899][  0]LogPackFactory: Copied "../../../Samples/StarterContent/Content/StarterContent/Textures/T_TableRound_M.uasset" to "C:/Users/Snowb/Documents/Unreal Projects/AKotH/Content/StarterContent/Textures/T_TableRound_M.uasset"
[2018.10.18-12.50.58:941][  0]LogPackFactory: Copied "../../../Samples/StarterContent/Content/StarterContent/Textures/T_TableRound_N.uasset" to "C:/Users/Snowb/Documents/Unreal Projects/AKotH/Content/StarterContent/Textures/T_TableRound_N.uasset"
[2018.10.18-12.50.58:953][  0]LogPackFactory: Copied "../../../Samples/StarterContent/Content/StarterContent/Textures/T_Tech_Dot_M.uasset" to "C:/Users/Snowb/Documents/Unreal Projects/AKotH/Content/StarterContent/Textures/T_Tech_Dot_M.uasset"
[2018.10.18-12.50.58:965][  0]LogPackFactory: Copied "../../../Samples/StarterContent/Content/StarterContent/Textures/T_Tech_Dot_N.uasset" to "C:/Users/Snowb/Documents/Unreal Projects/AKotH/Content/StarterContent/Textures/T_Tech_Dot_N.uasset"
[2018.10.18-12.50.58:978][  0]LogPackFactory: Copied "../../../Samples/StarterContent/Content/StarterContent/Textures/T_Tech_Hex_Tile_M.uasset" to "C:/Users/Snowb/Documents/Unreal Projects/AKotH/Content/StarterContent/Textures/T_Tech_Hex_Tile_M.uasset"
[2018.10.18-12.50.58:994][  0]LogPackFactory: Copied "../../../Samples/StarterContent/Content/StarterContent/Textures/T_Tech_Hex_Tile_N.uasset" to "C:/Users/Snowb/Documents/Unreal Projects/AKotH/Content/StarterContent/Textures/T_Tech_Hex_Tile_N.uasset"
[2018.10.18-12.50.59:016][  0]LogPackFactory: Copied "../../../Samples/StarterContent/Content/StarterContent/Textures/T_Tech_Panel_M.uasset" to "C:/Users/Snowb/Documents/Unreal Projects/AKotH/Content/StarterContent/Textures/T_Tech_Panel_M.uasset"
[2018.10.18-12.50.59:060][  0]LogPackFactory: Copied "../../../Samples/StarterContent/Content/StarterContent/Textures/T_Tech_Panel_N.uasset" to "C:/Users/Snowb/Documents/Unreal Projects/AKotH/Content/StarterContent/Textures/T_Tech_Panel_N.uasset"
[2018.10.18-12.50.59:104][  0]LogPackFactory: Copied "../../../Samples/StarterContent/Content/StarterContent/Textures/T_Water_M.uasset" to "C:/Users/Snowb/Documents/Unreal Projects/AKotH/Content/StarterContent/Textures/T_Water_M.uasset"
[2018.10.18-12.50.59:142][  0]LogPackFactory: Copied "../../../Samples/StarterContent/Content/StarterContent/Textures/T_Water_N.uasset" to "C:/Users/Snowb/Documents/Unreal Projects/AKotH/Content/StarterContent/Textures/T_Water_N.uasset"
[2018.10.18-12.50.59:237][  0]LogPackFactory: Copied "../../../Samples/StarterContent/Content/StarterContent/Textures/T_Wood_Floor_Walnut_D.uasset" to "C:/Users/Snowb/Documents/Unreal Projects/AKotH/Content/StarterContent/Textures/T_Wood_Floor_Walnut_D.uasset"
[2018.10.18-12.50.59:307][  0]LogPackFactory: Copied "../../../Samples/StarterContent/Content/StarterContent/Textures/T_Wood_Floor_Walnut_M.uasset" to "C:/Users/Snowb/Documents/Unreal Projects/AKotH/Content/StarterContent/Textures/T_Wood_Floor_Walnut_M.uasset"
[2018.10.18-12.50.59:380][  0]LogPackFactory: Copied "../../../Samples/StarterContent/Content/StarterContent/Textures/T_Wood_Floor_Walnut_N.uasset" to "C:/Users/Snowb/Documents/Unreal Projects/AKotH/Content/StarterContent/Textures/T_Wood_Floor_Walnut_N.uasset"
[2018.10.18-12.50.59:519][  0]LogPackFactory: Copied "../../../Samples/StarterContent/Content/StarterContent/Textures/T_Wood_Oak_D.uasset" to "C:/Users/Snowb/Documents/Unreal Projects/AKotH/Content/StarterContent/Textures/T_Wood_Oak_D.uasset"
[2018.10.18-12.50.59:738][  0]LogPackFactory: Copied "../../../Samples/StarterContent/Content/StarterContent/Textures/T_Wood_Oak_N.uasset" to "C:/Users/Snowb/Documents/Unreal Projects/AKotH/Content/StarterContent/Textures/T_Wood_Oak_N.uasset"
[2018.10.18-12.50.59:882][  0]LogPackFactory: Copied "../../../Samples/StarterContent/Content/StarterContent/Textures/T_Wood_Pine_D.uasset" to "C:/Users/Snowb/Documents/Unreal Projects/AKotH/Content/StarterContent/Textures/T_Wood_Pine_D.uasset"
[2018.10.18-12.50.59:993][  0]LogPackFactory: Copied "../../../Samples/StarterContent/Content/StarterContent/Textures/T_Wood_Pine_N.uasset" to "C:/Users/Snowb/Documents/Unreal Projects/AKotH/Content/StarterContent/Textures/T_Wood_Pine_N.uasset"
[2018.10.18-12.51.00:078][  0]LogPackFactory: Copied "../../../Samples/StarterContent/Content/StarterContent/Textures/T_Wood_Walnut_D.uasset" to "C:/Users/Snowb/Documents/Unreal Projects/AKotH/Content/StarterContent/Textures/T_Wood_Walnut_D.uasset"
[2018.10.18-12.51.00:182][  0]LogPackFactory: Copied "../../../Samples/StarterContent/Content/StarterContent/Textures/T_Wood_Walnut_N.uasset" to "C:/Users/Snowb/Documents/Unreal Projects/AKotH/Content/StarterContent/Textures/T_Wood_Walnut_N.uasset"
[2018.10.18-12.51.01:475][  0]LogRenderer: Reallocating scene render targets to support 256x256 Format 10 NumSamples 1 (Frame:1).
[2018.10.18-12.51.01:720][  0]Cmd: OBJ SAVEPACKAGE PACKAGE="/Game/StarterContent/Architecture/Floor_400x400" FILE="C:/Users/Snowb/Documents/Unreal Projects/AKotH/Content/StarterContent/Architecture/Floor_400x400.uasset" SILENT=true
[2018.10.18-12.51.01:773][  0]LogSavePackage: Moving 'C:/Users/Snowb/Documents/Unreal Projects/AKotH/Saved/Floor_400x400DC696375446F6E61690476B37CDE936E.tmp' to 'C:/Users/Snowb/Documents/Unreal Projects/AKotH/Content/StarterContent/Architecture/Floor_400x400.uasset'
[2018.10.18-12.51.01:810][  0]LogFeaturePack: Warning: Inserted 1 feature packs
[2018.10.18-12.51.01:812][  0]Cmd: MAP LOAD FILE="C:/Users/Snowb/Documents/Unreal Projects/AKotH/Content/ThirdPersonBP/Maps/ThirdPersonExampleMap.umap" TEMPLATE=0 SHOWPROGRESS=1 FEATURELEVEL=3
[2018.10.18-12.51.01:812][  0]LightingResults: New page: Lighting Build
[2018.10.18-12.51.01:815][  0]MapCheck: New page: Map Check
[2018.10.18-12.51.01:815][  0]LightingResults: New page: Lighting Build
[2018.10.18-12.51.03:104][  0]LogAIModule: Creating AISystem for world ThirdPersonExampleMap
[2018.10.18-12.51.03:189][  0]LogEditorServer: Finished looking for orphan Actors (0.000 secs)
[2018.10.18-12.51.03:214][  0]Cmd: MAP CHECKDEP NOCLEARLOG
[2018.10.18-12.51.03:323][  0]MapCheck: Map check complete: 0 Error(s), 0 Warning(s), took 108,442ms to complete.
[2018.10.18-12.51.03:323][  0]LogFileHelpers: Loading map 'ThirdPersonExampleMap' took 1.511
[2018.10.18-12.51.03:780][  0]LogSlate: Updating window title bar state: overlay mode, drag disabled, window buttons hidden, title bar hidden
[2018.10.18-12.51.03:789][  0]LogSlate: Updating window title bar state: overlay mode, drag disabled, window buttons hidden, title bar hidden
[2018.10.18-12.51.03:796][  0]LogSlate: Updating window title bar state: overlay mode, drag disabled, window buttons hidden, title bar hidden
[2018.10.18-12.51.03:802][  0]LogSlate: Updating window title bar state: overlay mode, drag disabled, window buttons hidden, title bar hidden
[2018.10.18-12.51.03:879][  0]LogCollectionManager: Loaded 0 collections in 0.001851 seconds
[2018.10.18-12.51.04:086][  0]LogFileCache: Scanning file cache for directory 'C:/Users/Snowb/Documents/Unreal Projects/AKotH/Saved/Collections/' took 0.01s
[2018.10.18-12.51.04:086][  0]LogFileCache: Scanning file cache for directory 'C:/Users/Snowb/Documents/Unreal Projects/AKotH/Content/Developers/Snowb/Collections/' took 0.01s
[2018.10.18-12.51.04:086][  0]LogFileCache: Scanning file cache for directory 'C:/Users/Snowb/Documents/Unreal Projects/AKotH/Content/Collections/' took 0.01s
[2018.10.18-12.51.04:086][  0]LogCollectionManager: Rebuilt the GUID cache for 0 collections in 0.000000 seconds
[2018.10.18-12.51.04:098][  0]LogContentBrowser: Native class hierarchy populated in 0.0101 seconds. Added 2572 classes and 603 folders.
[2018.10.18-12.51.04:176][  0]LogContentBrowser: Native class hierarchy updated for 'WidgetCarousel' in 0.0002 seconds. Added 0 classes and 0 folders.
[2018.10.18-12.51.04:280][  0]LogContentBrowser: Native class hierarchy updated for 'AddContentDialog' in 0.0002 seconds. Added 0 classes and 0 folders.
[2018.10.18-12.51.04:410][  0]LogContentBrowser: Native class hierarchy updated for 'SceneOutliner' in 0.0003 seconds. Added 1 classes and 2 folders.
[2018.10.18-12.51.05:486][  0]LogSlate: Took 0.000571 seconds to synchronously load lazily loaded font '../../../Engine/Content/Slate/Fonts/Roboto-Regular.ttf' (155K)
[2018.10.18-12.51.05:488][  0]LogSlate: Took 0.000513 seconds to synchronously load lazily loaded font '../../../Engine/Content/Slate/Fonts/Roboto-Bold.ttf' (160K)
[2018.10.18-12.51.05:523][  0]LogSlate: Took 0.015946 seconds to synchronously load lazily loaded font '../../../Engine/Content/Editor/Slate/Fonts/FontAwesome.ttf' (139K)
[2018.10.18-12.51.05:707][  0]LogRenderer: Reallocating scene render targets to support 1220x664 Format 10 NumSamples 1 (Frame:1).
[2018.10.18-12.51.05:987][  0]LogSlate: Took 0.000399 seconds to synchronously load lazily loaded font '../../../Engine/Content/Slate/Fonts/Roboto-Light.ttf' (167K)
[2018.10.18-12.51.06:175][  0]LogContentBrowser: Native class hierarchy updated for 'HierarchicalLODOutliner' in 0.0002 seconds. Added 0 classes and 0 folders.
[2018.10.18-12.51.06:175][  0]LogLoad: (Engine Initialization) Total time: 48.49 seconds
[2018.10.18-12.51.06:175][  0]LogLoad: (Engine Initialization) Total Blueprint compile time: 0.00 seconds
[2018.10.18-12.51.06:277][  0]LogEditorViewport: Clicking on Actor (LMB): StaticMeshActor (Wall11)
[2018.10.18-12.51.06:603][  0]LogWindowsTextInputMethodSystem: Display: IME system now deactivated.
[2018.10.18-12.51.06:640][  0]LogContentStreaming: Texture pool size now 1000 MB
[2018.10.18-12.51.06:767][  1]LogAssetRegistry: Asset discovery search completed in 43.4306 seconds
[2018.10.18-12.51.06:769][  1]LogCollectionManager: Rebuilt the object cache for 0 collections in 0.000000 seconds (found 0 objects)
[2018.10.18-12.51.06:769][  1]LogCollectionManager: Fixed up redirectors for 0 collections in 0.000049 seconds (updated 0 objects)
[2018.10.18-12.51.19:343][250]LogEditorViewport: Clicking on Actor (LMB): BP_Sky_Sphere_C (SkySphereBlueprint)
[2018.10.18-12.51.22:759][443]LogSlate: FSceneViewport::OnFocusLost() reason 2
[2018.10.18-12.51.24:208][523]LogSlate: FSceneViewport::OnFocusLost() reason 2
[2018.10.18-12.51.26:524][660]LogWindows: Warning: CreateProc failed: Das System kann die angegebene Datei nicht finden. (0x00000002)
[2018.10.18-12.51.26:524][660]LogWindows: Warning: URL: C:/Program Files/Git/bin/git.exe version
[2018.10.18-12.51.26:524][660]LogWindows: Warning: CreateProc failed: Das System kann die angegebene Datei nicht finden. (0x00000002)
[2018.10.18-12.51.26:524][660]LogWindows: Warning: URL: C:/Program Files (x86)/Git/bin/git.exe version
[2018.10.18-12.51.26:524][660]LogWindows: Warning: CreateProc failed: Das System kann die angegebene Datei nicht finden. (0x00000002)
[2018.10.18-12.51.26:524][660]LogWindows: Warning: URL: C:\Users\Snowb\AppData\Local/Programs/Git/cmd/git.exe version
[2018.10.18-12.51.26:525][660]LogWindows: Warning: CreateProc failed: Das System kann die angegebene Datei nicht finden. (0x00000002)
[2018.10.18-12.51.26:525][660]LogWindows: Warning: URL: C:/Program Files (x86)/SmartGit/git/bin/git.exe version
[2018.10.18-12.51.26:525][660]LogWindows: Warning: CreateProc failed: Das System kann die angegebene Datei nicht finden. (0x00000002)
[2018.10.18-12.51.26:525][660]LogWindows: Warning: URL: C:/Program Files (x86)/SmartGit/bin/git.exe version
[2018.10.18-12.51.26:525][660]LogWindows: Warning: CreateProc failed: Das System kann die angegebene Datei nicht finden. (0x00000002)
[2018.10.18-12.51.26:525][660]LogWindows: Warning: URL: C:\Users\Snowb\AppData\Local/Atlassian/SourceTree/git_local/bin/git.exe version
[2018.10.18-12.51.26:525][660]LogWindows: Warning: CreateProc failed: Das System kann die angegebene Datei nicht finden. (0x00000002)
[2018.10.18-12.51.26:525][660]LogWindows: Warning: URL: C:/Program Files (x86)/fournova/Tower/vendor/Git/bin/git.exe version
[2018.10.18-12.51.40:679][761]LogSourceControl: Warning: 'C:/Users/Snowb/Documents/Unreal Projects/AKotH/' is not part of a Git repository
[2018.10.18-12.52.00:256][913]SourceControl: Source control is disabled
[2018.10.18-12.52.00:256][913]LogSlate: Window 'Source Control Login' being destroyed
[2018.10.18-12.52.02:424][ 43]LogSlate: FSceneViewport::OnFocusLost() reason 0
[2018.10.18-12.52.02:866][ 50]LogSlate: Took 0.000338 seconds to synchronously load lazily loaded font '../../../Engine/Content/Slate/Fonts/Roboto-Light.ttf' (167K)
[2018.10.18-12.52.03:120][ 50]LogSavePackage: Moving 'C:/Users/Snowb/Documents/Unreal Projects/AKotH/Saved/ThirdPersonExampleMap2E83067240864976F0F9EE8222754561.tmp' to 'C:/Users/Snowb/Documents/Unreal Projects/AKotH/Content/ThirdPersonBP/Maps/ThirdPersonExampleMap.umap'
[2018.10.18-12.52.03:350][ 50]LogSavePackage: Moving 'C:/Users/Snowb/Documents/Unreal Projects/AKotH/Saved/ThirdPersonExampleMap_BuiltDataA6A207FE499F38A83E2B0DB1D3F69D22.tmp' to 'C:/Users/Snowb/Documents/Unreal Projects/AKotH/Content/ThirdPersonBP/Maps/ThirdPersonExampleMap_BuiltData.uasset'
